#
# There is insufficient memory for the Java Runtime Environment to continue.
# Native memory allocation (malloc) failed to allocate 32744 bytes for ChunkPool::allocate
# Possible reasons:
#   The system is out of physical RAM or swap space
#   In 32 bit mode, the process size limit was hit
# Possible solutions:
#   Reduce memory load on the system
#   Increase physical memory or swap space
#   Check if swap backing store is full
#   Use 64 bit Java on a 64 bit OS
#   Decrease Java heap size (-Xmx/-Xms)
#   Decrease number of Java threads
#   Decrease Java thread stack sizes (-Xss)
#   Set larger code cache with -XX:ReservedCodeCacheSize=
# This output file may be truncated or incomplete.
#
#  Out of Memory Error (allocation.cpp:273), pid=4076, tid=0x00000000000022ec
#
# JRE version: Java(TM) SE Runtime Environment (8.0_144-b01) (build 1.8.0_144-b01)
# Java VM: Java HotSpot(TM) 64-Bit Server VM (25.144-b01 mixed mode windows-amd64 compressed oops)
# Failed to write core dump. Minidumps are not enabled by default on client versions of Windows
#

---------------  T H R E A D  ---------------

Current thread (0x0000000057b7d000):  JavaThread "C2 CompilerThread0" daemon [_thread_in_native, id=8940, stack(0x00000000583a0000,0x00000000584a0000)]

Stack: [0x00000000583a0000,0x00000000584a0000]
[error occurred during error reporting (printing stack bounds), id 0xc0000005]

Native frames: (J=compiled Java code, j=interpreted, Vv=VM code, C=native code)


Current CompileTask:
C2: 509878 5023       4       java.lang.Class::privateGetMethodRecursive (130 bytes)


---------------  P R O C E S S  ---------------

Java Threads: ( => current thread )
  0x000000005b977000 JavaThread "Druid-ConnectionPool-Destroy-1472200981" daemon [_thread_blocked, id=7164, stack(0x000000005e010000,0x000000005e110000)]
  0x000000005b976800 JavaThread "Druid-ConnectionPool-Create-1472200981" daemon [_thread_blocked, id=6784, stack(0x000000005dee0000,0x000000005dfe0000)]
  0x0000000058363800 JavaThread "mysql-cj-abandoned-connection-cleanup" daemon [_thread_blocked, id=3488, stack(0x000000005dcb0000,0x000000005ddb0000)]
  0x000000005ad99800 JavaThread "Abandoned connection cleanup thread" daemon [_thread_blocked, id=1272, stack(0x000000005d680000,0x000000005d780000)]
  0x0000000057be7000 JavaThread "Service Thread" daemon [_thread_blocked, id=8496, stack(0x00000000587f0000,0x00000000588f0000)]
  0x0000000057b7d800 JavaThread "C1 CompilerThread1" daemon [_thread_blocked, id=5564, stack(0x00000000585d0000,0x00000000586d0000)]
=>0x0000000057b7d000 JavaThread "C2 CompilerThread0" daemon [_thread_in_native, id=8940, stack(0x00000000583a0000,0x00000000584a0000)]
  0x00000000561ff000 JavaThread "JDWP Command Reader" daemon [_thread_in_native, id=2640, stack(0x0000000057680000,0x0000000057780000)]
  0x00000000561fb800 JavaThread "JDWP Event Helper Thread" daemon [_thread_blocked, id=3692, stack(0x0000000057280000,0x0000000057380000)]
  0x00000000561ec800 JavaThread "JDWP Transport Listener: dt_socket" daemon [_thread_blocked, id=7820, stack(0x00000000573c0000,0x00000000574c0000)]
  0x00000000561d1800 JavaThread "Attach Listener" daemon [_thread_blocked, id=7156, stack(0x0000000056ab0000,0x0000000056bb0000)]
  0x00000000561d0800 JavaThread "Signal Dispatcher" daemon [_thread_blocked, id=4264, stack(0x0000000057130000,0x0000000057230000)]
  0x00000000561a5800 JavaThread "Finalizer" daemon [_thread_blocked, id=8988, stack(0x0000000056fc0000,0x00000000570c0000)]
  0x000000005615c800 JavaThread "Reference Handler" daemon [_thread_blocked, id=8120, stack(0x0000000056da0000,0x0000000056ea0000)]
  0x00000000020d5000 JavaThread "main" [_thread_blocked, id=8976, stack(0x0000000002430000,0x0000000002530000)]

Other Threads:
  0x0000000056154800 VMThread [stack: 0x0000000056c10000,0x0000000056d10000] [id=2192]
  0x0000000057c91000 WatcherThread [stack: 0x0000000058a00000,0x0000000058b00000] [id=9068]

VM state:not at safepoint (normal execution)

VM Mutex/Monitor currently owned by a thread: None

Heap:
 PSYoungGen      total 311808K, used 62780K [0x00000000de800000, 0x00000000f2a80000, 0x0000000100000000)
  eden space 301568K, 17% used [0x00000000de800000,0x00000000e1b7fb30,0x00000000f0e80000)
  from space 10240K, 98% used [0x00000000f2080000,0x00000000f2a4f8b0,0x00000000f2a80000)
  to   space 13824K, 0% used [0x00000000f0f80000,0x00000000f0f80000,0x00000000f1d00000)
 ParOldGen       total 52224K, used 15727K [0x000000009b800000, 0x000000009eb00000, 0x00000000de800000)
  object space 52224K, 30% used [0x000000009b800000,0x000000009c75bc10,0x000000009eb00000)
 Metaspace       used 44076K, capacity 45724K, committed 46080K, reserved 1089536K
  class space    used 5509K, capacity 5796K, committed 5888K, reserved 1048576K

Card table byte_map: [0x00000000118f0000,0x0000000011c20000] byte_map_base: 0x0000000011414000

Marking Bits: (ParMarkBitMap*) 0x000000007008d850
 Begin Bits: [0x00000000122b0000, 0x0000000013bd0000)
 End Bits:   [0x0000000013bd0000, 0x00000000154f0000)

Polling page: 0x0000000000210000

CodeCache: size=245760Kb used=16887Kb max_used=16887Kb free=228872Kb
 bounds [0x0000000002530000, 0x00000000035d0000, 0x0000000011530000]
 total_blobs=4885 nmethods=4409 adapters=398
 compilation: enabled

Compilation events (10 events):
Event: 503.312 Thread 0x0000000057b7d800 nmethod 5018 0x00000000027c2190 code [0x00000000027c2520, 0x00000000027c41f8]
Event: 503.313 Thread 0x0000000057b7d800 5019       3       com.mysql.jdbc.MysqlIO::checkTransactionState (55 bytes)
Event: 503.315 Thread 0x0000000057b7d800 nmethod 5019 0x0000000002852b10 code [0x0000000002852ca0, 0x00000000028531f8]
Event: 503.316 Thread 0x0000000057b7d800 5020       3       com.mysql.jdbc.MysqlIO::inTransactionOnServer (15 bytes)
Event: 503.316 Thread 0x0000000057b7d800 nmethod 5020 0x00000000028aa0d0 code [0x00000000028aa220, 0x00000000028aa3d0]
Event: 503.317 Thread 0x0000000057b7d800 5021   !   3       com.mysql.jdbc.MysqlIO::secureAuth411 (403 bytes)
Event: 503.327 Thread 0x0000000057b7d800 nmethod 5021 0x00000000035b5350 code [0x00000000035b58c0, 0x00000000035b8e18]
Event: 503.329 Thread 0x0000000057b7d800 5022       3       com.mysql.jdbc.MysqlIO::checkErrorPacket (467 bytes)
Event: 503.342 Thread 0x0000000057b7d800 nmethod 5022 0x00000000035bb110 code [0x00000000035bb840, 0x00000000035c0758]
Event: 509.389 Thread 0x0000000057b7d000 5023       4       java.lang.Class::privateGetMethodRecursive (130 bytes)

GC Heap History (10 events):
Event: 41.104 GC heap before
{Heap before GC invocations=8 (full 1):
 PSYoungGen      total 115200K, used 106496K [0x00000000de800000, 0x00000000e6100000, 0x0000000100000000)
  eden space 106496K, 100% used [0x00000000de800000,0x00000000e5000000,0x00000000e5000000)
  from space 8704K, 0% used [0x00000000e5880000,0x00000000e5880000,0x00000000e6100000)
  to   space 8704K, 0% used [0x00000000e5000000,0x00000000e5000000,0x00000000e5880000)
 ParOldGen       total 41472K, used 8686K [0x000000009b800000, 0x000000009e080000, 0x00000000de800000)
  object space 41472K, 20% used [0x000000009b800000,0x000000009c07b9e8,0x000000009e080000)
 Metaspace       used 29112K, capacity 29996K, committed 30080K, reserved 1075200K
  class space    used 3761K, capacity 3948K, committed 3968K, reserved 1048576K
Event: 41.160 GC heap after
Heap after GC invocations=8 (full 1):
 PSYoungGen      total 115200K, used 8694K [0x00000000de800000, 0x00000000ec680000, 0x0000000100000000)
  eden space 106496K, 0% used [0x00000000de800000,0x00000000de800000,0x00000000e5000000)
  from space 8704K, 99% used [0x00000000e5000000,0x00000000e587d9e0,0x00000000e5880000)
  to   space 10752K, 0% used [0x00000000ebc00000,0x00000000ebc00000,0x00000000ec680000)
 ParOldGen       total 41472K, used 10765K [0x000000009b800000, 0x000000009e080000, 0x00000000de800000)
  object space 41472K, 25% used [0x000000009b800000,0x000000009c283520,0x000000009e080000)
 Metaspace       used 29112K, capacity 29996K, committed 30080K, reserved 1075200K
  class space    used 3761K, capacity 3948K, committed 3968K, reserved 1048576K
}
Event: 55.822 GC heap before
{Heap before GC invocations=9 (full 1):
 PSYoungGen      total 115200K, used 99571K [0x00000000de800000, 0x00000000ec680000, 0x0000000100000000)
  eden space 106496K, 85% used [0x00000000de800000,0x00000000e40bf398,0x00000000e5000000)
  from space 8704K, 99% used [0x00000000e5000000,0x00000000e587d9e0,0x00000000e5880000)
  to   space 10752K, 0% used [0x00000000ebc00000,0x00000000ebc00000,0x00000000ec680000)
 ParOldGen       total 41472K, used 10765K [0x000000009b800000, 0x000000009e080000, 0x00000000de800000)
  object space 41472K, 25% used [0x000000009b800000,0x000000009c283520,0x000000009e080000)
 Metaspace       used 34243K, capacity 35240K, committed 35416K, reserved 1081344K
  class space    used 4286K, capacity 4518K, committed 4608K, reserved 1048576K
Event: 56.108 GC heap after
Heap after GC invocations=9 (full 1):
 PSYoungGen      total 215552K, used 10749K [0x00000000de800000, 0x00000000ec800000, 0x0000000100000000)
  eden space 204800K, 0% used [0x00000000de800000,0x00000000de800000,0x00000000eb000000)
  from space 10752K, 99% used [0x00000000ebc00000,0x00000000ec67f590,0x00000000ec680000)
  to   space 12288K, 0% used [0x00000000eb000000,0x00000000eb000000,0x00000000ebc00000)
 ParOldGen       total 41472K, used 10867K [0x000000009b800000, 0x000000009e080000, 0x00000000de800000)
  object space 41472K, 26% used [0x000000009b800000,0x000000009c29cd80,0x000000009e080000)
 Metaspace       used 34243K, capacity 35240K, committed 35416K, reserved 1081344K
  class space    used 4286K, capacity 4518K, committed 4608K, reserved 1048576K
}
Event: 56.108 GC heap before
{Heap before GC invocations=10 (full 2):
 PSYoungGen      total 215552K, used 10749K [0x00000000de800000, 0x00000000ec800000, 0x0000000100000000)
  eden space 204800K, 0% used [0x00000000de800000,0x00000000de800000,0x00000000eb000000)
  from space 10752K, 99% used [0x00000000ebc00000,0x00000000ec67f590,0x00000000ec680000)
  to   space 12288K, 0% used [0x00000000eb000000,0x00000000eb000000,0x00000000ebc00000)
 ParOldGen       total 41472K, used 10867K [0x000000009b800000, 0x000000009e080000, 0x00000000de800000)
  object space 41472K, 26% used [0x000000009b800000,0x000000009c29cd80,0x000000009e080000)
 Metaspace       used 34243K, capacity 35240K, committed 35416K, reserved 1081344K
  class space    used 4286K, capacity 4518K, committed 4608K, reserved 1048576K
Event: 56.741 GC heap after
Heap after GC invocations=10 (full 2):
 PSYoungGen      total 215552K, used 0K [0x00000000de800000, 0x00000000ec800000, 0x0000000100000000)
  eden space 204800K, 0% used [0x00000000de800000,0x00000000de800000,0x00000000eb000000)
  from space 10752K, 0% used [0x00000000ebc00000,0x00000000ebc00000,0x00000000ec680000)
  to   space 12288K, 0% used [0x00000000eb000000,0x00000000eb000000,0x00000000ebc00000)
 ParOldGen       total 52224K, used 15711K [0x000000009b800000, 0x000000009eb00000, 0x00000000de800000)
  object space 52224K, 30% used [0x000000009b800000,0x000000009c757c10,0x000000009eb00000)
 Metaspace       used 34243K, capacity 35240K, committed 35416K, reserved 1081344K
  class space    used 4286K, capacity 4518K, committed 4608K, reserved 1048576K
}
Event: 65.497 GC heap before
{Heap before GC invocations=11 (full 2):
 PSYoungGen      total 215552K, used 204800K [0x00000000de800000, 0x00000000ec800000, 0x0000000100000000)
  eden space 204800K, 100% used [0x00000000de800000,0x00000000eb000000,0x00000000eb000000)
  from space 10752K, 0% used [0x00000000ebc00000,0x00000000ebc00000,0x00000000ec680000)
  to   space 12288K, 0% used [0x00000000eb000000,0x00000000eb000000,0x00000000ebc00000)
 ParOldGen       total 52224K, used 15711K [0x000000009b800000, 0x000000009eb00000, 0x00000000de800000)
  object space 52224K, 30% used [0x000000009b800000,0x000000009c757c10,0x000000009eb00000)
 Metaspace       used 39493K, capacity 41146K, committed 41472K, reserved 1085440K
  class space    used 4955K, capacity 5255K, committed 5376K, reserved 1048576K
Event: 65.595 GC heap after
Heap after GC invocations=11 (full 2):
 PSYoungGen      total 217088K, used 9890K [0x00000000de800000, 0x00000000f2d80000, 0x0000000100000000)
  eden space 204800K, 0% used [0x00000000de800000,0x00000000de800000,0x00000000eb000000)
  from space 12288K, 80% used [0x00000000eb000000,0x00000000eb9a8ba0,0x00000000ebc00000)
  to   space 13312K, 0% used [0x00000000f2080000,0x00000000f2080000,0x00000000f2d80000)
 ParOldGen       total 52224K, used 15719K [0x000000009b800000, 0x000000009eb00000, 0x00000000de800000)
  object space 52224K, 30% used [0x000000009b800000,0x000000009c759c10,0x000000009eb00000)
 Metaspace       used 39493K, capacity 41146K, committed 41472K, reserved 1085440K
  class space    used 4955K, capacity 5255K, committed 5376K, reserved 1048576K
}
Event: 407.675 GC heap before
{Heap before GC invocations=12 (full 2):
 PSYoungGen      total 217088K, used 214690K [0x00000000de800000, 0x00000000f2d80000, 0x0000000100000000)
  eden space 204800K, 100% used [0x00000000de800000,0x00000000eb000000,0x00000000eb000000)
  from space 12288K, 80% used [0x00000000eb000000,0x00000000eb9a8ba0,0x00000000ebc00000)
  to   space 13312K, 0% used [0x00000000f2080000,0x00000000f2080000,0x00000000f2d80000)
 ParOldGen       total 52224K, used 15719K [0x000000009b800000, 0x000000009eb00000, 0x00000000de800000)
  object space 52224K, 30% used [0x000000009b800000,0x000000009c759c10,0x000000009eb00000)
 Metaspace       used 43932K, capacity 45660K, committed 46080K, reserved 1089536K
  class space    used 5509K, capacity 5796K, committed 5888K, reserved 1048576K
Event: 407.749 GC heap after
Heap after GC invocations=12 (full 2):
 PSYoungGen      total 311808K, used 10046K [0x00000000de800000, 0x00000000f2a80000, 0x0000000100000000)
  eden space 301568K, 0% used [0x00000000de800000,0x00000000de800000,0x00000000f0e80000)
  from space 10240K, 98% used [0x00000000f2080000,0x00000000f2a4f8b0,0x00000000f2a80000)
  to   space 13824K, 0% used [0x00000000f0f80000,0x00000000f0f80000,0x00000000f1d00000)
 ParOldGen       total 52224K, used 15727K [0x000000009b800000, 0x000000009eb00000, 0x00000000de800000)
  object space 52224K, 30% used [0x000000009b800000,0x000000009c75bc10,0x000000009eb00000)
 Metaspace       used 43932K, capacity 45660K, committed 46080K, reserved 1089536K
  class space    used 5509K, capacity 5796K, committed 5888K, reserved 1048576K
}

Deoptimization events (10 events):
Event: 68.570 Thread 0x00000000020d5000 Uncommon trap: reason=class_check action=maybe_recompile pc=0x0000000002d7b918 method=java.util.AbstractList$Itr.hasNext()Z @ 8
Event: 68.570 Thread 0x00000000020d5000 Uncommon trap: reason=class_check action=maybe_recompile pc=0x0000000002fdd898 method=java.util.AbstractList$Itr.next()Ljava/lang/Object; @ 14
Event: 68.570 Thread 0x00000000020d5000 Uncommon trap: reason=class_check action=maybe_recompile pc=0x0000000002d7b918 method=java.util.AbstractList$Itr.hasNext()Z @ 8
Event: 68.570 Thread 0x00000000020d5000 Uncommon trap: reason=class_check action=maybe_recompile pc=0x0000000002fdd898 method=java.util.AbstractList$Itr.next()Ljava/lang/Object; @ 14
Event: 68.570 Thread 0x00000000020d5000 Uncommon trap: reason=class_check action=maybe_recompile pc=0x0000000002d7b918 method=java.util.AbstractList$Itr.hasNext()Z @ 8
Event: 68.570 Thread 0x00000000020d5000 Uncommon trap: reason=class_check action=maybe_recompile pc=0x0000000002fdd898 method=java.util.AbstractList$Itr.next()Ljava/lang/Object; @ 14
Event: 69.359 Thread 0x000000005b976800 Uncommon trap: reason=unstable_if action=reinterpret pc=0x000000000289fb34 method=sun.nio.cs.UTF_8$Decoder.decode([BII[C)I @ 30
Event: 69.479 Thread 0x000000005b976800 Uncommon trap: reason=unstable_if action=reinterpret pc=0x0000000002bed56c method=java.util.Properties.loadConvert([CII[C)Ljava/lang/String; @ 57
Event: 69.480 Thread 0x000000005b976800 Uncommon trap: reason=unstable_if action=reinterpret pc=0x0000000002abc1c8 method=java.util.Properties.loadConvert([CII[C)Ljava/lang/String; @ 57
Event: 70.532 Thread 0x000000005b976800 Uncommon trap: reason=unstable_if action=reinterpret pc=0x0000000003224278 method=java.util.Properties$LineReader.readLine()I @ 174

Internal exceptions (10 events):
Event: 504.818 Thread 0x000000005b976800 Exception <a 'java/lang/NullPointerException'> (0x00000000e17d8a80) thrown at [C:\re\workspace\8-2-build-windows-amd64-cygwin\jdk8u144\9417\hotspot\src\share\vm\interpreter\linkResolver.cpp, line 1197]
Event: 505.326 Thread 0x000000005b976800 Exception <a 'java/lang/NullPointerException'> (0x00000000e181b658) thrown at [C:\re\workspace\8-2-build-windows-amd64-cygwin\jdk8u144\9417\hotspot\src\share\vm\interpreter\linkResolver.cpp, line 1197]
Event: 505.835 Thread 0x000000005b976800 Exception <a 'java/lang/NullPointerException'> (0x00000000e185e230) thrown at [C:\re\workspace\8-2-build-windows-amd64-cygwin\jdk8u144\9417\hotspot\src\share\vm\interpreter\linkResolver.cpp, line 1197]
Event: 506.343 Thread 0x000000005b976800 Exception <a 'java/lang/NullPointerException'> (0x00000000e18a0e08) thrown at [C:\re\workspace\8-2-build-windows-amd64-cygwin\jdk8u144\9417\hotspot\src\share\vm\interpreter\linkResolver.cpp, line 1197]
Event: 506.851 Thread 0x000000005b976800 Exception <a 'java/lang/NullPointerException'> (0x00000000e18e39e0) thrown at [C:\re\workspace\8-2-build-windows-amd64-cygwin\jdk8u144\9417\hotspot\src\share\vm\interpreter\linkResolver.cpp, line 1197]
Event: 507.361 Thread 0x000000005b976800 Exception <a 'java/lang/NullPointerException'> (0x00000000e19265b8) thrown at [C:\re\workspace\8-2-build-windows-amd64-cygwin\jdk8u144\9417\hotspot\src\share\vm\interpreter\linkResolver.cpp, line 1197]
Event: 507.868 Thread 0x000000005b976800 Exception <a 'java/lang/NullPointerException'> (0x00000000e196a450) thrown at [C:\re\workspace\8-2-build-windows-amd64-cygwin\jdk8u144\9417\hotspot\src\share\vm\interpreter\linkResolver.cpp, line 1197]
Event: 508.377 Thread 0x000000005b976800 Exception <a 'java/lang/NullPointerException'> (0x00000000e19ad028) thrown at [C:\re\workspace\8-2-build-windows-amd64-cygwin\jdk8u144\9417\hotspot\src\share\vm\interpreter\linkResolver.cpp, line 1197]
Event: 508.885 Thread 0x000000005b976800 Exception <a 'java/lang/NullPointerException'> (0x00000000e19efc00) thrown at [C:\re\workspace\8-2-build-windows-amd64-cygwin\jdk8u144\9417\hotspot\src\share\vm\interpreter\linkResolver.cpp, line 1197]
Event: 509.395 Thread 0x000000005b976800 Exception <a 'java/lang/NullPointerException'> (0x00000000e1a327d8) thrown at [C:\re\workspace\8-2-build-windows-amd64-cygwin\jdk8u144\9417\hotspot\src\share\vm\interpreter\linkResolver.cpp, line 1197]

Events (10 events):
Event: 509.397 loading class sun/reflect/GeneratedConstructorAccessor38
Event: 509.397 loading class sun/reflect/GeneratedConstructorAccessor38 done
Event: 509.397 Thread 0x000000005b976800 DEOPT PACKING pc=0x000000000304c734 sp=0x000000005dfde800
Event: 509.397 Thread 0x000000005b976800 DEOPT UNPACKING pc=0x00000000025771bf sp=0x000000005dfde3c8 mode 1
Event: 509.398 loading class sun/reflect/GeneratedConstructorAccessor38
Event: 509.398 loading class sun/reflect/GeneratedConstructorAccessor38 done
Event: 509.398 Thread 0x000000005b976800 DEOPT PACKING pc=0x0000000002c36560 sp=0x000000005dfdddf0
Event: 509.398 Thread 0x000000005b976800 DEOPT UNPACKING pc=0x00000000025771bf sp=0x000000005dfddae8 mode 1
Event: 509.398 Thread 0x000000005b976800 DEOPT PACKING pc=0x0000000002a31454 sp=0x000000005dfde750
Event: 509.398 Thread 0x000000005b976800 DEOPT UNPACKING pc=0x00000000025771bf sp=0x000000005dfde4a8 mode 1


Dynamic libraries:
0x000000013f6a0000 - 0x000000013f6d7000 	D:\JDK and Eclipse(2)\JDK1\bin\java.exe
0x0000000077160000 - 0x00000000772ff000 	C:\Windows\SYSTEM32\ntdll.dll
0x0000000076e00000 - 0x0000000076f1f000 	C:\Windows\system32\kernel32.dll
0x000007fefccb0000 - 0x000007fefcd17000 	C:\Windows\system32\KERNELBASE.dll
0x000007fefd260000 - 0x000007fefd33b000 	C:\Windows\system32\ADVAPI32.dll
0x000007fefcee0000 - 0x000007fefcf7f000 	C:\Windows\system32\msvcrt.dll
0x000007fefe5a0000 - 0x000007fefe5bf000 	C:\Windows\SYSTEM32\sechost.dll
0x000007fefe2e0000 - 0x000007fefe40c000 	C:\Windows\system32\RPCRT4.dll
0x0000000077060000 - 0x000000007715b000 	C:\Windows\system32\USER32.dll
0x000007fefea40000 - 0x000007fefeaa7000 	C:\Windows\system32\GDI32.dll
0x000007fefd470000 - 0x000007fefd47e000 	C:\Windows\system32\LPK.dll
0x000007fefd480000 - 0x000007fefd54b000 	C:\Windows\system32\USP10.dll
0x000007fefb4d0000 - 0x000007fefb6c5000 	C:\Windows\WinSxS\amd64_microsoft.windows.common-controls_6595b64144ccf1df_6.0.7601.24483_none_e372d88f30fbb845\COMCTL32.dll
0x000007fefe850000 - 0x000007fefe8c1000 	C:\Windows\system32\SHLWAPI.dll
0x000007fefeb50000 - 0x000007fefeb7e000 	C:\Windows\system32\IMM32.DLL
0x000007fefd360000 - 0x000007fefd46b000 	C:\Windows\system32\MSCTF.dll
0x0000000077660000 - 0x0000000077732000 	D:\JDK and Eclipse(2)\JDK1\jre\bin\msvcr100.dll
0x000000006f870000 - 0x000000007010d000 	D:\JDK and Eclipse(2)\JDK1\jre\bin\server\jvm.dll
0x000007fefab40000 - 0x000007fefab49000 	C:\Windows\system32\WSOCK32.dll
0x000007fefeef0000 - 0x000007fefef3d000 	C:\Windows\system32\WS2_32.dll
0x000007fefe5c0000 - 0x000007fefe5c8000 	C:\Windows\system32\NSI.dll
0x000007fefce30000 - 0x000007fefce6b000 	C:\Windows\system32\WINMM.dll
0x000007fefbb60000 - 0x000007fefbb6c000 	C:\Windows\system32\VERSION.dll
0x0000000077310000 - 0x0000000077317000 	C:\Windows\system32\PSAPI.DLL
0x0000000077810000 - 0x000000007781f000 	D:\JDK and Eclipse(2)\JDK1\jre\bin\verify.dll
0x00000000777e0000 - 0x0000000077809000 	D:\JDK and Eclipse(2)\JDK1\jre\bin\java.dll
0x0000000077740000 - 0x0000000077775000 	D:\JDK and Eclipse(2)\JDK1\jre\bin\jdwp.dll
0x0000000077650000 - 0x0000000077658000 	D:\JDK and Eclipse(2)\JDK1\jre\bin\npt.dll
0x0000000077620000 - 0x0000000077643000 	D:\JDK and Eclipse(2)\JDK1\jre\bin\instrument.dll
0x00000000777c0000 - 0x00000000777d6000 	D:\JDK and Eclipse(2)\JDK1\jre\bin\zip.dll
0x000007fefd550000 - 0x000007fefe2db000 	C:\Windows\system32\SHELL32.dll
0x000007fefe5d0000 - 0x000007fefe7cf000 	C:\Windows\system32\ole32.dll
0x000007fefca90000 - 0x000007fefca9f000 	C:\Windows\system32\profapi.dll
0x0000000077610000 - 0x0000000077619000 	D:\JDK and Eclipse(2)\JDK1\jre\bin\dt_socket.dll
0x000007fefc200000 - 0x000007fefc255000 	C:\Windows\system32\mswsock.dll
0x000007fefbc30000 - 0x000007fefbc37000 	C:\Windows\System32\wshtcpip.dll
0x000007fefc260000 - 0x000007fefc278000 	C:\Windows\system32\CRYPTSP.dll
0x000007fefbf60000 - 0x000007fefbfa7000 	C:\Windows\system32\rsaenh.dll
0x000007fefcea0000 - 0x000007fefcebf000 	C:\Windows\system32\USERENV.dll
0x000007fefc8c0000 - 0x000007fefc8cf000 	C:\Windows\system32\CRYPTBASE.dll
0x00000000777a0000 - 0x00000000777ba000 	D:\JDK and Eclipse(2)\JDK1\jre\bin\net.dll
0x000007fefc1f0000 - 0x000007fefc1f7000 	C:\Windows\System32\wship6.dll
0x000007fef98b0000 - 0x000007fef98d7000 	C:\Windows\system32\IPHLPAPI.DLL
0x000007fef98a0000 - 0x000007fef98ab000 	C:\Windows\system32\WINNSI.DLL
0x000007fef96a0000 - 0x000007fef96b8000 	C:\Windows\system32\dhcpcsvc.DLL
0x000007fef9680000 - 0x000007fef9691000 	C:\Windows\system32\dhcpcsvc6.DLL
0x0000000077780000 - 0x0000000077791000 	D:\JDK and Eclipse(2)\JDK1\jre\bin\nio.dll
0x0000000077600000 - 0x000000007760d000 	D:\JDK and Eclipse(2)\JDK1\jre\bin\management.dll
0x000007fefa6c0000 - 0x000007fefa6d5000 	C:\Windows\system32\NLAapi.dll
0x000007fef7860000 - 0x000007fef7875000 	C:\Windows\system32\napinsp.dll
0x000007fef7840000 - 0x000007fef7859000 	C:\Windows\system32\pnrpnsp.dll
0x000007fef7830000 - 0x000007fef7840000 	C:\Windows\system32\wshbth.dll
0x000007fefc080000 - 0x000007fefc0db000 	C:\Windows\system32\DNSAPI.dll
0x000007fef7820000 - 0x000007fef782b000 	C:\Windows\System32\winrnr.dll
0x000007fef8060000 - 0x000007fef8068000 	C:\Windows\system32\rasadhlp.dll
0x000007fef9740000 - 0x000007fef9793000 	C:\Windows\System32\fwpuclnt.dll

VM Arguments:
jvm_args: -agentlib:jdwp=transport=dt_socket,address=127.0.0.1:51158,suspend=y,server=n -ea -Didea.test.cyclic.buffer.size=1048576 -javaagent:C:\Users\Lenovo\.IntelliJIdea2018.3\system\captureAgent\debugger-agent.jar -Dfile.encoding=UTF-8 
java_command: com.intellij.rt.execution.junit.JUnitStarter -ideVersion5 -junit4 com.class166room223.bookshop.BookshopApplicationTests,contextLoads
java_class_path (initial): D:\PATH\IDEA\IntelliJ IDEA 2018.3.6\lib\idea_rt.jar;D:\PATH\IDEA\IntelliJ IDEA 2018.3.6\plugins\junit\lib\junit-rt.jar;D:\PATH\IDEA\IntelliJ IDEA 2018.3.6\plugins\junit\lib\junit5-rt.jar;D:\JDK and Eclipse(2)\JDK1\jre\lib\charsets.jar;D:\JDK and Eclipse(2)\JDK1\jre\lib\deploy.jar;D:\JDK and Eclipse(2)\JDK1\jre\lib\ext\access-bridge-64.jar;D:\JDK and Eclipse(2)\JDK1\jre\lib\ext\cldrdata.jar;D:\JDK and Eclipse(2)\JDK1\jre\lib\ext\dnsns.jar;D:\JDK and Eclipse(2)\JDK1\jre\lib\ext\jaccess.jar;D:\JDK and Eclipse(2)\JDK1\jre\lib\ext\jfxrt.jar;D:\JDK and Eclipse(2)\JDK1\jre\lib\ext\localedata.jar;D:\JDK and Eclipse(2)\JDK1\jre\lib\ext\nashorn.jar;D:\JDK and Eclipse(2)\JDK1\jre\lib\ext\sunec.jar;D:\JDK and Eclipse(2)\JDK1\jre\lib\ext\sunjce_provider.jar;D:\JDK and Eclipse(2)\JDK1\jre\lib\ext\sunmscapi.jar;D:\JDK and Eclipse(2)\JDK1\jre\lib\ext\sunpkcs11.jar;D:\JDK and Eclipse(2)\JDK1\jre\lib\ext\zipfs.jar;D:\JDK and Eclipse(2)\JDK1\jre\lib\javaws.jar;D:\JDK and Eclipse(2)\JDK1\jre\lib\jce.jar;D:\JDK and Eclipse(2)\JDK1\jre\lib\jfr.jar;D:\JDK and Eclipse(2)\JDK1\jre\lib\jfxswt.jar;D:\JDK and Eclipse(2)\JDK1\jre\lib\jsse.jar;D:\JDK and Eclipse(2)\JDK1\jre\lib\management-agent.jar;D:\JDK and Eclipse(2)\JDK1\jre\lib\plugin.jar;D:\JDK and Eclipse(2)\JDK1\jre\lib\resources.jar;D:\JDK and Eclipse(2)\JDK1\jre\lib\rt.jar;D:\PATH\IDEA\Source\bookshop\target\test-classes;D:\PATH\IDEA\Source\bookshop\target\classes;E:\学习文件\其他\大二上\Java\MySQL5.5.6\mysql-connector-java-5.1.44-bin.jar;D:\PATH\IDEA\apache-maven-3.5.4-bin\MavenRepository\org\springframework\boot\spring-boot-starter\2.1.5.RELEASE\spring-boot-starter-2.1.5.RELEASE.jar;D:\PATH\IDEA\apache-maven-3.5.4-bin\MavenRepository\org\springframework\boot\spring-boot\2.1.5.RELEASE\spring-boot-2.1.5.RELEASE.jar;D:\PATH\IDEA\apache-maven-3.5.4-bin\MavenRepository\org\springframework\spring-context\5.1.7.RELEASE\spring-context-5.1.7.RELEASE.jar;D:\PATH\IDEA\apache-maven-3.5.4-bin\MavenRepository\org\sprin
Launcher Type: SUN_STANDARD

Environment Variables:
JAVA_HOME=D:\JDK and Eclipse(2)\JDK1
CLASSPATH=.;D:\JDK and Eclipse(2)\JDK1\lib;D:\JDK and Eclipse(2)\JDK1\lib\tools.jar;D:\JDK and Eclipse(2)\JDK1\lib\sqljdbc41.jar;
PATH=D:\PATH\IDEA\apache-maven-3.5.4-bin\apache-maven-3.5.4\bin;D:\PATH\AndroidStudio\SDK\platform-tools;D:\PATH\AndroidStudio\SDK\platform-tools;D:\PATH\AndroidStudio\SDK\tools;E:\PATH\oracle\product\11.2.0\dbhome_1\bin;c:\gtk\bin;C:\ProgramData\Oracle\Java\javapath;.;D:\JDK\JDK1\bin;C:\Windows\system32;C:\Windows;C:\Windows\system32\wbem;D:\JDK and Eclipse(2)\JDK1\bin;D:\JDK and Eclipse(2)\JDK1\jre\bin;e:\path\alter\71\quartus\bin;C:\Users\Lenovo\.dnx\bin;C:\Program Files\Microsoft DNX\Dnvm\;E:\PATH\server sql 2008\server sql 2008x86\100\Tools\Binn\;E:\PATH\server sql 2008\100\Tools\Binn\;E:\PATH\server sql 2008\100\DTS\Binn\;E:\PATH\server sql 2008\server sql 2008x86\100\Tools\Binn\VSShell\Common7\IDE\;C:\Program Files (x86)\Microsoft Visual Studio 9.0\Common7\IDE\PrivateAssemblies\;E:\PATH\server sql 2008\server sql 2008x86\100\DTS\Binn\
USERNAME=Lenovo
OS=Windows_NT
PROCESSOR_IDENTIFIER=Intel64 Family 6 Model 23 Stepping 10, GenuineIntel



---------------  S Y S T E M  ---------------

OS: Windows 7 , 64 bit Build 7601 (6.1.7601.24545)

CPU:total 2 (initial active 2) (2 cores per cpu, 1 threads per core) family 6 model 23 stepping 10, cmov, cx8, fxsr, mmx, sse, sse2, sse3, ssse3, sse4.1, tsc

Memory: 4k page, physical 6578204k(627544k free), swap 6576304k(5064k free)

vm_info: Java HotSpot(TM) 64-Bit Server VM (25.144-b01) for windows-amd64 JRE (1.8.0_144-b01), built on Jul 21 2017 21:57:33 by "java_re" with MS VC++ 10.0 (VS2010)

time: Tue Jun 02 14:24:29 2020
elapsed time: 509 seconds (0d 0h 8m 29s)

