#
# There is insufficient memory for the Java Runtime Environment to continue.
# Native memory allocation (malloc) failed to allocate 32744 bytes for ChunkPool::allocate
# Possible reasons:
#   The system is out of physical RAM or swap space
#   The process is running with CompressedOops enabled, and the Java Heap may be blocking the growth of the native heap
# Possible solutions:
#   Reduce memory load on the system
#   Increase physical memory or swap space
#   Check if swap backing store is full
#   Decrease Java heap size (-Xmx/-Xms)
#   Decrease number of Java threads
#   Decrease Java thread stack sizes (-Xss)
#   Set larger code cache with -XX:ReservedCodeCacheSize=
#   JVM is running with Unscaled Compressed Oops mode in which the Java heap is
#     placed in the first 4GB address space. The Java Heap base address is the
#     maximum limit for the native heap growth. Please use -XX:HeapBaseMinAddress
#     to set the Java Heap base and to place the Java Heap above 4GB virtual address.
# This output file may be truncated or incomplete.
#
#  Out of Memory Error (allocation.cpp:272), pid=9204, tid=0x000000000000237c
#
# JRE version: OpenJDK Runtime Environment (8.0_212-b04) (build 1.8.0_212-release-1586-b04)
# Java VM: OpenJDK 64-Bit Server VM (25.212-b04 mixed mode windows-amd64 compressed oops)
# Failed to write core dump. Minidumps are not enabled by default on client versions of Windows
#

---------------  T H R E A D  ---------------

Current thread (0x000000005372f800):  JavaThread "C1 CompilerThread1" daemon [_thread_in_native, id=9084, stack(0x0000000054490000,0x0000000054590000)]

Stack: [0x0000000054490000,0x0000000054590000]
[error occurred during error reporting (printing stack bounds), id 0xc0000005]

Native frames: (J=compiled Java code, j=interpreted, Vv=VM code, C=native code)


Current CompileTask:
C1:  38943 3956       3       java.lang.invoke.InvokerBytecodeGenerator::isStaticallyInvocable (169 bytes)


---------------  P R O C E S S  ---------------

Java Threads: ( => current thread )
  0x00000000589d8000 JavaThread "Cache worker for Build Output Cleanup Cache (D:\PATH\AndroidStudio\Source\BookShop\.gradle\buildOutputCleanup)" [_thread_blocked, id=8408, stack(0x000000005d530000,0x000000005d630000)]
  0x00000000589d7800 JavaThread "Build operations Thread 2" [_thread_blocked, id=7688, stack(0x000000005b7a0000,0x000000005b8a0000)]
  0x00000000589d6800 JavaThread "Build operations" [_thread_blocked, id=7156, stack(0x0000000057d20000,0x0000000057e20000)]
  0x00000000589d6000 JavaThread "Cache worker for execution history cache (C:\Users\Lenovo\.gradle\caches\5.6.4\executionHistory)" [_thread_blocked, id=7152, stack(0x000000005b4a0000,0x000000005b5a0000)]
  0x00000000557f6000 JavaThread "Cache worker for cache directory md-rule (C:\Users\Lenovo\.gradle\caches\5.6.4\md-rule)" [_thread_blocked, id=8948, stack(0x000000005b2c0000,0x000000005b3c0000)]
  0x00000000557f5800 JavaThread "Cache worker for cache directory md-supplier (C:\Users\Lenovo\.gradle\caches\5.6.4\md-supplier)" [_thread_blocked, id=7944, stack(0x000000005b100000,0x000000005b200000)]
  0x00000000557f1000 JavaThread "Cache worker for file hash cache (D:\PATH\AndroidStudio\Source\BookShop\.gradle\5.6.4\fileHashes)" [_thread_blocked, id=8060, stack(0x000000005a0c0000,0x000000005a1c0000)]
  0x00000000557f0000 JavaThread "Cache worker for journal cache (C:\Users\Lenovo\.gradle\caches\journal-1)" [_thread_blocked, id=8388, stack(0x00000000578a0000,0x00000000579a0000)]
  0x00000000557ef000 JavaThread "File lock request listener" [_thread_in_native, id=5264, stack(0x0000000057fc0000,0x00000000580c0000)]
  0x00000000560d4800 JavaThread "Cache worker for file hash cache (C:\Users\Lenovo\.gradle\caches\5.6.4\fileHashes)" [_thread_blocked, id=3824, stack(0x0000000057e20000,0x0000000057f20000)]
  0x0000000056635000 JavaThread "Thread-9" [_thread_blocked, id=2904, stack(0x0000000056ef0000,0x0000000056ff0000)]
  0x000000005593a000 JavaThread "Stdin handler" [_thread_blocked, id=4912, stack(0x0000000057a10000,0x0000000057b10000)]
  0x0000000055541800 JavaThread "Asynchronous log dispatcher for DefaultDaemonConnection: socket connection from /127.0.0.1:60557 to /127.0.0.1:60558" [_thread_blocked, id=4396, stack(0x0000000057670000,0x0000000057770000)]
  0x0000000056097800 JavaThread "Daemon worker" [_thread_in_vm, id=6352, stack(0x00000000577a0000,0x00000000578a0000)]
  0x0000000055940000 JavaThread "Cancel handler" [_thread_blocked, id=8472, stack(0x0000000057210000,0x0000000057310000)]
  0x00000000558a0000 JavaThread "Handler for socket connection from /127.0.0.1:60557 to /127.0.0.1:60558" [_thread_in_native, id=8884, stack(0x0000000057370000,0x0000000057470000)]
  0x000000005589a800 JavaThread "Daemon" [_thread_blocked, id=7060, stack(0x0000000054720000,0x0000000054820000)]
  0x000000005371a000 JavaThread "Daemon periodic checks" [_thread_blocked, id=8356, stack(0x0000000057110000,0x0000000057210000)]
  0x000000005371d000 JavaThread "Incoming local TCP Connector on port 60557" [_thread_in_native, id=8708, stack(0x0000000056ac0000,0x0000000056bc0000)]
  0x0000000056518800 JavaThread "Daemon health stats" [_thread_blocked, id=5084, stack(0x0000000056bd0000,0x0000000056cd0000)]
  0x0000000054ab6000 JavaThread "Service Thread" daemon [_thread_blocked, id=8652, stack(0x0000000055050000,0x0000000055150000)]
=>0x000000005372f800 JavaThread "C1 CompilerThread1" daemon [_thread_in_native, id=9084, stack(0x0000000054490000,0x0000000054590000)]
  0x00000000536d9000 JavaThread "C2 CompilerThread0" daemon [_thread_in_native, id=7864, stack(0x00000000549a0000,0x0000000054aa0000)]
  0x00000000536d7000 JavaThread "Attach Listener" daemon [_thread_blocked, id=6284, stack(0x0000000054830000,0x0000000054930000)]
  0x00000000536d6000 JavaThread "Signal Dispatcher" daemon [_thread_blocked, id=5892, stack(0x0000000054620000,0x0000000054720000)]
  0x00000000536ad800 JavaThread "Finalizer" daemon [_thread_blocked, id=3356, stack(0x0000000054120000,0x0000000054220000)]
  0x00000000536a4800 JavaThread "Reference Handler" daemon [_thread_blocked, id=8736, stack(0x0000000054390000,0x0000000054490000)]
  0x0000000002000000 JavaThread "main" [_thread_blocked, id=8616, stack(0x0000000002450000,0x0000000002550000)]

Other Threads:
  0x000000005365c800 VMThread [stack: 0x0000000054220000,0x0000000054320000] [id=6484]
  0x0000000054ab8000 WatcherThread [stack: 0x0000000054f40000,0x0000000055040000] [id=6164]

VM state:not at safepoint (normal execution)

VM Mutex/Monitor currently owned by a thread: None

heap address: 0x00000000e0000000, size: 512 MB, Compressed Oops mode: 32-bit
Narrow klass base: 0x0000000000000000, Narrow klass shift: 0
Compressed class space size: 1073741824 Address: 0x0000000012d30000

Heap:
 PSYoungGen      total 116224K, used 85856K [0x00000000f5580000, 0x00000000fd280000, 0x0000000100000000)
  eden space 105984K, 81% used [0x00000000f5580000,0x00000000fa958148,0x00000000fbd00000)
  from space 10240K, 0% used [0x00000000fc780000,0x00000000fc780000,0x00000000fd180000)
  to   space 10752K, 0% used [0x00000000fbd00000,0x00000000fbd00000,0x00000000fc780000)
 ParOldGen       total 57344K, used 17961K [0x00000000e0000000, 0x00000000e3800000, 0x00000000f5580000)
  object space 57344K, 31% used [0x00000000e0000000,0x00000000e118a4e0,0x00000000e3800000)
 Metaspace       used 44434K, capacity 45666K, committed 45952K, reserved 1089536K
  class space    used 5865K, capacity 6203K, committed 6272K, reserved 1048576K

Card table byte_map: [0x0000000002300000,0x0000000002410000] byte_map_base: 0x0000000001c00000

Marking Bits: (ParMarkBitMap*) 0x0000000070139f30
 Begin Bits: [0x0000000011c30000, 0x0000000012430000)
 End Bits:   [0x0000000012430000, 0x0000000012c30000)

Polling page: 0x0000000000220000

CodeCache: size=245760Kb used=12332Kb max_used=12332Kb free=233427Kb
 bounds [0x0000000002550000, 0x0000000003170000, 0x0000000011550000]
 total_blobs=4452 nmethods=3685 adapters=680
 compilation: enabled

Compilation events (10 events):
Event: 38.877 Thread 0x000000005372f800 nmethod 3947 0x000000000315f5d0 code [0x000000000315f740, 0x000000000315f9b0]
Event: 38.877 Thread 0x000000005372f800 3948       3       com.google.common.cache.LongAddables::create (12 bytes)
Event: 38.878 Thread 0x000000005372f800 nmethod 3948 0x000000000315fad0 code [0x000000000315fc60, 0x00000000031600b0]
Event: 38.902 Thread 0x000000005372f800 3951       3       java.lang.invoke.LambdaFormBuffer::ownedCount (7 bytes)
Event: 38.902 Thread 0x000000005372f800 nmethod 3951 0x00000000031602d0 code [0x0000000003160420, 0x0000000003160570]
Event: 38.902 Thread 0x000000005372f800 3952       3       java.lang.invoke.LambdaForm$Name::isParam (13 bytes)
Event: 38.903 Thread 0x000000005372f800 nmethod 3952 0x00000000031605d0 code [0x0000000003160720, 0x00000000031608d0]
Event: 38.904 Thread 0x000000005372f800 3955       3       java.lang.invoke.LambdaForm$NamedFunction::member (26 bytes)
Event: 38.904 Thread 0x000000005372f800 nmethod 3955 0x0000000003160950 code [0x0000000003160aa0, 0x0000000003160c10]
Event: 38.904 Thread 0x000000005372f800 3956       3       java.lang.invoke.InvokerBytecodeGenerator::isStaticallyInvocable (169 bytes)

GC Heap History (10 events):
Event: 19.009 GC heap before
{Heap before GC invocations=6 (full 0):
 PSYoungGen      total 57344K, used 38480K [0x00000000f5580000, 0x00000000fd180000, 0x0000000100000000)
  eden space 53248K, 64% used [0x00000000f5580000,0x00000000f7716098,0x00000000f8980000)
  from space 4096K, 99% used [0x00000000f8980000,0x00000000f8d7e030,0x00000000f8d80000)
  to   space 10240K, 0% used [0x00000000fc780000,0x00000000fc780000,0x00000000fd180000)
 ParOldGen       total 69632K, used 8958K [0x00000000e0000000, 0x00000000e4400000, 0x00000000f5580000)
  object space 69632K, 12% used [0x00000000e0000000,0x00000000e08bf870,0x00000000e4400000)
 Metaspace       used 20644K, capacity 21206K, committed 21296K, reserved 1067008K
  class space    used 2963K, capacity 3165K, committed 3200K, reserved 1048576K
Event: 19.076 GC heap after
Heap after GC invocations=6 (full 0):
 PSYoungGen      total 116224K, used 8165K [0x00000000f5580000, 0x00000000fd280000, 0x0000000100000000)
  eden space 105984K, 0% used [0x00000000f5580000,0x00000000f5580000,0x00000000fbd00000)
  from space 10240K, 79% used [0x00000000fc780000,0x00000000fcf79418,0x00000000fd180000)
  to   space 10752K, 0% used [0x00000000fbd00000,0x00000000fbd00000,0x00000000fc780000)
 ParOldGen       total 69632K, used 8958K [0x00000000e0000000, 0x00000000e4400000, 0x00000000f5580000)
  object space 69632K, 12% used [0x00000000e0000000,0x00000000e08bf870,0x00000000e4400000)
 Metaspace       used 20644K, capacity 21206K, committed 21296K, reserved 1067008K
  class space    used 2963K, capacity 3165K, committed 3200K, reserved 1048576K
}
Event: 19.076 GC heap before
{Heap before GC invocations=7 (full 1):
 PSYoungGen      total 116224K, used 8165K [0x00000000f5580000, 0x00000000fd280000, 0x0000000100000000)
  eden space 105984K, 0% used [0x00000000f5580000,0x00000000f5580000,0x00000000fbd00000)
  from space 10240K, 79% used [0x00000000fc780000,0x00000000fcf79418,0x00000000fd180000)
  to   space 10752K, 0% used [0x00000000fbd00000,0x00000000fbd00000,0x00000000fc780000)
 ParOldGen       total 69632K, used 8958K [0x00000000e0000000, 0x00000000e4400000, 0x00000000f5580000)
  object space 69632K, 12% used [0x00000000e0000000,0x00000000e08bf870,0x00000000e4400000)
 Metaspace       used 20644K, capacity 21206K, committed 21296K, reserved 1067008K
  class space    used 2963K, capacity 3165K, committed 3200K, reserved 1048576K
Event: 19.403 GC heap after
Heap after GC invocations=7 (full 1):
 PSYoungGen      total 116224K, used 0K [0x00000000f5580000, 0x00000000fd280000, 0x0000000100000000)
  eden space 105984K, 0% used [0x00000000f5580000,0x00000000f5580000,0x00000000fbd00000)
  from space 10240K, 0% used [0x00000000fc780000,0x00000000fc780000,0x00000000fd180000)
  to   space 10752K, 0% used [0x00000000fbd00000,0x00000000fbd00000,0x00000000fc780000)
 ParOldGen       total 57344K, used 14070K [0x00000000e0000000, 0x00000000e3800000, 0x00000000f5580000)
  object space 57344K, 24% used [0x00000000e0000000,0x00000000e0dbd900,0x00000000e3800000)
 Metaspace       used 20644K, capacity 21206K, committed 21296K, reserved 1067008K
  class space    used 2963K, capacity 3165K, committed 3200K, reserved 1048576K
}
Event: 25.081 GC heap before
{Heap before GC invocations=8 (full 1):
 PSYoungGen      total 116224K, used 105984K [0x00000000f5580000, 0x00000000fd280000, 0x0000000100000000)
  eden space 105984K, 100% used [0x00000000f5580000,0x00000000fbd00000,0x00000000fbd00000)
  from space 10240K, 0% used [0x00000000fc780000,0x00000000fc780000,0x00000000fd180000)
  to   space 10752K, 0% used [0x00000000fbd00000,0x00000000fbd00000,0x00000000fc780000)
 ParOldGen       total 57344K, used 14070K [0x00000000e0000000, 0x00000000e3800000, 0x00000000f5580000)
  object space 57344K, 24% used [0x00000000e0000000,0x00000000e0dbd900,0x00000000e3800000)
 Metaspace       used 30576K, capacity 31280K, committed 31616K, reserved 1077248K
  class space    used 4144K, capacity 4403K, committed 4480K, reserved 1048576K
Event: 25.178 GC heap after
Heap after GC invocations=8 (full 1):
 PSYoungGen      total 116736K, used 10730K [0x00000000f5580000, 0x00000000fd280000, 0x0000000100000000)
  eden space 105984K, 0% used [0x00000000f5580000,0x00000000f5580000,0x00000000fbd00000)
  from space 10752K, 99% used [0x00000000fbd00000,0x00000000fc77ab18,0x00000000fc780000)
  to   space 10240K, 0% used [0x00000000fc780000,0x00000000fc780000,0x00000000fd180000)
 ParOldGen       total 57344K, used 14413K [0x00000000e0000000, 0x00000000e3800000, 0x00000000f5580000)
  object space 57344K, 25% used [0x00000000e0000000,0x00000000e0e134c0,0x00000000e3800000)
 Metaspace       used 30576K, capacity 31280K, committed 31616K, reserved 1077248K
  class space    used 4144K, capacity 4403K, committed 4480K, reserved 1048576K
}
Event: 31.254 GC heap before
{Heap before GC invocations=9 (full 1):
 PSYoungGen      total 116736K, used 93303K [0x00000000f5580000, 0x00000000fd280000, 0x0000000100000000)
  eden space 105984K, 77% used [0x00000000f5580000,0x00000000fa623438,0x00000000fbd00000)
  from space 10752K, 99% used [0x00000000fbd00000,0x00000000fc77ab18,0x00000000fc780000)
  to   space 10240K, 0% used [0x00000000fc780000,0x00000000fc780000,0x00000000fd180000)
 ParOldGen       total 57344K, used 14413K [0x00000000e0000000, 0x00000000e3800000, 0x00000000f5580000)
  object space 57344K, 25% used [0x00000000e0000000,0x00000000e0e134c0,0x00000000e3800000)
 Metaspace       used 34570K, capacity 35432K, committed 35456K, reserved 1079296K
  class space    used 4723K, capacity 4985K, committed 4992K, reserved 1048576K
Event: 31.381 GC heap after
Heap after GC invocations=9 (full 1):
 PSYoungGen      total 116224K, used 10229K [0x00000000f5580000, 0x00000000fd280000, 0x0000000100000000)
  eden space 105984K, 0% used [0x00000000f5580000,0x00000000f5580000,0x00000000fbd00000)
  from space 10240K, 99% used [0x00000000fc780000,0x00000000fd17d790,0x00000000fd180000)
  to   space 10752K, 0% used [0x00000000fbd00000,0x00000000fbd00000,0x00000000fc780000)
 ParOldGen       total 57344K, used 15218K [0x00000000e0000000, 0x00000000e3800000, 0x00000000f5580000)
  object space 57344K, 26% used [0x00000000e0000000,0x00000000e0edc978,0x00000000e3800000)
 Metaspace       used 34570K, capacity 35432K, committed 35456K, reserved 1079296K
  class space    used 4723K, capacity 4985K, committed 4992K, reserved 1048576K
}
Event: 31.381 GC heap before
{Heap before GC invocations=10 (full 2):
 PSYoungGen      total 116224K, used 10229K [0x00000000f5580000, 0x00000000fd280000, 0x0000000100000000)
  eden space 105984K, 0% used [0x00000000f5580000,0x00000000f5580000,0x00000000fbd00000)
  from space 10240K, 99% used [0x00000000fc780000,0x00000000fd17d790,0x00000000fd180000)
  to   space 10752K, 0% used [0x00000000fbd00000,0x00000000fbd00000,0x00000000fc780000)
 ParOldGen       total 57344K, used 15218K [0x00000000e0000000, 0x00000000e3800000, 0x00000000f5580000)
  object space 57344K, 26% used [0x00000000e0000000,0x00000000e0edc978,0x00000000e3800000)
 Metaspace       used 34570K, capacity 35432K, committed 35456K, reserved 1079296K
  class space    used 4723K, capacity 4985K, committed 4992K, reserved 1048576K
Event: 32.079 GC heap after
Heap after GC invocations=10 (full 2):
 PSYoungGen      total 116224K, used 0K [0x00000000f5580000, 0x00000000fd280000, 0x0000000100000000)
  eden space 105984K, 0% used [0x00000000f5580000,0x00000000f5580000,0x00000000fbd00000)
  from space 10240K, 0% used [0x00000000fc780000,0x00000000fc780000,0x00000000fd180000)
  to   space 10752K, 0% used [0x00000000fbd00000,0x00000000fbd00000,0x00000000fc780000)
 ParOldGen       total 57344K, used 17961K [0x00000000e0000000, 0x00000000e3800000, 0x00000000f5580000)
  object space 57344K, 31% used [0x00000000e0000000,0x00000000e118a4e0,0x00000000e3800000)
 Metaspace       used 34570K, capacity 35432K, committed 35456K, reserved 1079296K
  class space    used 4723K, capacity 4985K, committed 4992K, reserved 1048576K
}

Deoptimization events (10 events):
Event: 26.895 Thread 0x0000000056097800 Uncommon trap: reason=unstable_if action=reinterpret pc=0x00000000026a6dc8 method=java.net.URI.match(CJJ)Z @ 19
Event: 29.805 Thread 0x0000000056097800 Uncommon trap: reason=unstable_if action=reinterpret pc=0x0000000002e5b774 method=java.util.concurrent.ConcurrentHashMap.get(Ljava/lang/Object;)Ljava/lang/Object; @ 76
Event: 29.805 Thread 0x0000000056097800 Uncommon trap: reason=class_check action=maybe_recompile pc=0x0000000002a31d48 method=java.util.concurrent.ConcurrentHashMap.putVal(Ljava/lang/Object;Ljava/lang/Object;Z)Ljava/lang/Object; @ 192
Event: 30.673 Thread 0x0000000056097800 Uncommon trap: reason=class_check action=maybe_recompile pc=0x0000000002a31d48 method=java.util.concurrent.ConcurrentHashMap.putVal(Ljava/lang/Object;Ljava/lang/Object;Z)Ljava/lang/Object; @ 192
Event: 33.670 Thread 0x0000000056097800 Uncommon trap: reason=range_check action=make_not_entrant pc=0x0000000002e12dc4 method=java.lang.String.charAt(I)C @ 27
Event: 34.939 Thread 0x0000000056097800 Uncommon trap: reason=unstable_if action=reinterpret pc=0x0000000002af3910 method=java.io.BufferedInputStream.read([BII)I @ 56
Event: 36.282 Thread 0x0000000056097800 Uncommon trap: reason=unstable_if action=reinterpret pc=0x0000000002d937c8 method=java.lang.ClassValue.match(Ljava/lang/ClassValue$Entry;)Z @ 12
Event: 36.284 Thread 0x0000000056097800 Uncommon trap: reason=unstable_if action=reinterpret pc=0x0000000002dbf390 method=java.lang.ClassValue.match(Ljava/lang/ClassValue$Entry;)Z @ 12
Event: 36.879 Thread 0x0000000056097800 Uncommon trap: reason=unstable_if action=reinterpret pc=0x0000000002e2bd80 method=java.util.regex.Pattern.has(I)Z @ 6
Event: 37.155 Thread 0x0000000056097800 Uncommon trap: reason=unstable_if action=reinterpret pc=0x0000000002e261b8 method=java.security.CodeSource.hashCode()I @ 4

Classes redefined (0 events):
No events

Internal exceptions (10 events):
Event: 33.882 Thread 0x0000000056097800 Exception <a 'java/lang/ClassNotFoundException': org/gradle/api/internal/AbstractTaskCustomizer> (0x00000000f644b238) thrown at [D:\src\AOSP-openjdk-cygwin\jdk8u\hotspot\src\share\vm\classfile\systemDictionary.cpp, line 210]
Event: 33.900 Thread 0x0000000056097800 Exception <a 'java/lang/ClassNotFoundException': org/gradle/api/DefaultTaskCustomizer> (0x00000000f64d7140) thrown at [D:\src\AOSP-openjdk-cygwin\jdk8u\hotspot\src\share\vm\classfile\systemDictionary.cpp, line 210]
Event: 33.904 Thread 0x0000000056097800 Exception <a 'java/lang/ClassNotFoundException': org/gradle/api/internal/ConventionTaskCustomizer> (0x00000000f6519700) thrown at [D:\src\AOSP-openjdk-cygwin\jdk8u\hotspot\src\share\vm\classfile\systemDictionary.cpp, line 210]
Event: 33.909 Thread 0x0000000056097800 Exception <a 'java/lang/ClassNotFoundException': org/gradle/api/tasks/DeleteCustomizer> (0x00000000f6558748) thrown at [D:\src\AOSP-openjdk-cygwin\jdk8u\hotspot\src\share\vm\classfile\systemDictionary.cpp, line 210]
Event: 33.914 Thread 0x0000000056097800 Exception <a 'java/lang/ClassNotFoundException': org/gradle/api/tasks/Delete_DecoratedCustomizer> (0x00000000f65a5148) thrown at [D:\src\AOSP-openjdk-cygwin\jdk8u\hotspot\src\share\vm\classfile\systemDictionary.cpp, line 210]
Event: 36.246 Thread 0x0000000056097800 Exception <a 'java/lang/ClassNotFoundException': build_45bsskpjxcc28rzz4tjazwkhsBeanInfo> (0x00000000f7c45f20) thrown at [D:\src\AOSP-openjdk-cygwin\jdk8u\hotspot\src\share\vm\classfile\systemDictionary.cpp, line 210]
Event: 36.247 Thread 0x0000000056097800 Exception <a 'java/lang/ClassNotFoundException': build_45bsskpjxcc28rzz4tjazwkhsCustomizer> (0x00000000f7c52948) thrown at [D:\src\AOSP-openjdk-cygwin\jdk8u\hotspot\src\share\vm\classfile\systemDictionary.cpp, line 210]
Event: 36.290 Thread 0x0000000056097800 Exception <a 'java/lang/ClassNotFoundException': org/gradle/api/internal/plugins/DefaultObjectConfigurationActionBeanInfo> (0x00000000f7cc8fc8) thrown at [D:\src\AOSP-openjdk-cygwin\jdk8u\hotspot\src\share\vm\classfile\systemDictionary.cpp, line 210]
Event: 36.293 Thread 0x0000000056097800 Exception <a 'java/lang/ClassNotFoundException': org/gradle/api/internal/plugins/DefaultObjectConfigurationActionCustomizer> (0x00000000f7d0bf38) thrown at [D:\src\AOSP-openjdk-cygwin\jdk8u\hotspot\src\share\vm\classfile\systemDictionary.cpp, line 210]
Event: 37.155 Thread 0x0000000056097800 Implicit null exception at 0x0000000002e25ec5 to 0x0000000002e261a9

Events (10 events):
Event: 38.857 loading class org/gradle/internal/remote/internal/inet/InetAddressFactory done
Event: 38.857 loading class org/gradle/caching/internal/origin/OriginMetadataFactory$HostnameLookup
Event: 38.857 loading class org/gradle/caching/internal/origin/OriginMetadataFactory$HostnameLookup done
Event: 38.867 loading class org/gradle/caching/internal/controller/BuildCacheLoadCommand
Event: 38.867 loading class org/gradle/caching/internal/controller/BuildCacheLoadCommand done
Event: 38.868 loading class org/gradle/caching/internal/controller/BuildCacheStoreCommand
Event: 38.868 loading class org/gradle/caching/internal/controller/BuildCacheStoreCommand done
Event: 38.871 loading class org/gradle/internal/execution/history/impl/DefaultOutputFilesRepository
Event: 38.872 loading class org/gradle/internal/execution/history/impl/DefaultOutputFilesRepository done
Event: 38.876 Thread 0x00000000589d8000 Thread added: 0x00000000589d8000


Dynamic libraries:
0x000000013f060000 - 0x000000013f091000 	D:\PATH\AndroidStudio\Studio\jre\bin\java.exe
0x0000000077260000 - 0x00000000773ff000 	C:\Windows\SYSTEM32\ntdll.dll
0x0000000076f00000 - 0x000000007701f000 	C:\Windows\system32\kernel32.dll
0x000007fefce70000 - 0x000007fefced7000 	C:\Windows\system32\KERNELBASE.dll
0x000007fefd290000 - 0x000007fefd36b000 	C:\Windows\system32\ADVAPI32.dll
0x000007fefd370000 - 0x000007fefd40f000 	C:\Windows\system32\msvcrt.dll
0x000007fefdaf0000 - 0x000007fefdb0f000 	C:\Windows\SYSTEM32\sechost.dll
0x000007fefdf60000 - 0x000007fefe08c000 	C:\Windows\system32\RPCRT4.dll
0x0000000077020000 - 0x000000007711a000 	C:\Windows\system32\USER32.dll
0x000007feff470000 - 0x000007feff4d7000 	C:\Windows\system32\GDI32.dll
0x000007feff540000 - 0x000007feff54e000 	C:\Windows\system32\LPK.dll
0x000007fefdc90000 - 0x000007fefdd5b000 	C:\Windows\system32\USP10.dll
0x000007fefb700000 - 0x000007fefb8f5000 	C:\Windows\WinSxS\amd64_microsoft.windows.common-controls_6595b64144ccf1df_6.0.7601.24460_none_e3711c5330fd38b4\COMCTL32.dll
0x000007fefda40000 - 0x000007fefdab1000 	C:\Windows\system32\SHLWAPI.dll
0x000007fefdac0000 - 0x000007fefdaee000 	C:\Windows\system32\IMM32.DLL
0x000007fefdb60000 - 0x000007fefdc69000 	C:\Windows\system32\MSCTF.dll
0x000000006b7a0000 - 0x000000006b872000 	D:\PATH\AndroidStudio\Studio\jre\jre\bin\msvcr100.dll
0x000000006f970000 - 0x00000000701b6000 	D:\PATH\AndroidStudio\Studio\jre\jre\bin\server\jvm.dll
0x000007fef4db0000 - 0x000007fef4db9000 	C:\Windows\system32\WSOCK32.dll
0x000007fefdb10000 - 0x000007fefdb5d000 	C:\Windows\system32\WS2_32.dll
0x000007fefe090000 - 0x000007fefe098000 	C:\Windows\system32\NSI.dll
0x000007fefcf40000 - 0x000007fefcf7b000 	C:\Windows\system32\WINMM.dll
0x000007fefbdb0000 - 0x000007fefbdbc000 	C:\Windows\system32\VERSION.dll
0x0000000077400000 - 0x0000000077407000 	C:\Windows\system32\PSAPI.DLL
0x000007fef3ee0000 - 0x000007fef3eef000 	D:\PATH\AndroidStudio\Studio\jre\jre\bin\verify.dll
0x000007fef3eb0000 - 0x000007fef3ed9000 	D:\PATH\AndroidStudio\Studio\jre\jre\bin\java.dll
0x000007fef3e90000 - 0x000007fef3ea6000 	D:\PATH\AndroidStudio\Studio\jre\jre\bin\zip.dll
0x000007fefe6e0000 - 0x000007feff46b000 	C:\Windows\system32\SHELL32.dll
0x000007fefd840000 - 0x000007fefda3f000 	C:\Windows\system32\ole32.dll
0x000007fefcd00000 - 0x000007fefcd0f000 	C:\Windows\system32\profapi.dll
0x000007fef3170000 - 0x000007fef318a000 	D:\PATH\AndroidStudio\Studio\jre\jre\bin\net.dll
0x000007fefe550000 - 0x000007fefe6d5000 	C:\Windows\system32\urlmon.dll
0x000007fefcef0000 - 0x000007fefcef4000 	C:\Windows\system32\api-ms-win-downlevel-ole32-l1-1-0.dll
0x000007fefcee0000 - 0x000007fefcee4000 	C:\Windows\system32\api-ms-win-downlevel-shlwapi-l1-1-0.dll
0x000007fefcd40000 - 0x000007fefcd45000 	C:\Windows\system32\api-ms-win-downlevel-advapi32-l1-1-0.dll
0x000007fefd150000 - 0x000007fefd154000 	C:\Windows\system32\api-ms-win-downlevel-user32-l1-1-0.dll
0x000007fefcdc0000 - 0x000007fefcdc4000 	C:\Windows\system32\api-ms-win-downlevel-version-l1-1-0.dll
0x000007fefd100000 - 0x000007fefd103000 	C:\Windows\system32\api-ms-win-downlevel-normaliz-l1-1-0.dll
0x0000000077410000 - 0x0000000077413000 	C:\Windows\system32\normaliz.DLL
0x000007fefe0a0000 - 0x000007fefe36a000 	C:\Windows\system32\iertutil.dll
0x000007fefd410000 - 0x000007fefd731000 	C:\Windows\system32\WININET.dll
0x000007fefd110000 - 0x000007fefd12f000 	C:\Windows\system32\USERENV.dll
0x000007fefc420000 - 0x000007fefc475000 	C:\Windows\system32\mswsock.dll
0x000007fefc6d0000 - 0x000007fefc6d7000 	C:\Windows\System32\wship6.dll
0x000007fef3150000 - 0x000007fef3163000 	D:\PATH\AndroidStudio\Studio\jre\jre\bin\nio.dll
0x000007fef4bc0000 - 0x000007fef4be6000 	C:\Users\Lenovo\.gradle\native\30\windows-amd64\native-platform.dll
0x000007fef4e70000 - 0x000007fef4e73000 	C:\Windows\system32\api-ms-win-core-synch-l1-2-0.DLL
0x000007fef3e80000 - 0x000007fef3e8d000 	D:\PATH\AndroidStudio\Studio\jre\jre\bin\management.dll
0x000007fefc6a0000 - 0x000007fefc6b8000 	C:\Windows\system32\CRYPTSP.dll
0x000007fefc1f0000 - 0x000007fefc237000 	C:\Windows\system32\rsaenh.dll
0x000007fefcba0000 - 0x000007fefcbaf000 	C:\Windows\system32\CRYPTBASE.dll
0x000007fefa3b0000 - 0x000007fefa3d7000 	C:\Windows\system32\IPHLPAPI.DLL
0x000007fefa390000 - 0x000007fefa39b000 	C:\Windows\system32\WINNSI.DLL
0x000007fefa2b0000 - 0x000007fefa2c8000 	C:\Windows\system32\dhcpcsvc.DLL
0x000007fefa290000 - 0x000007fefa2a1000 	C:\Windows\system32\dhcpcsvc6.DLL

VM Arguments:
jvm_args: -Xmx512m -Dfile.encoding=GBK -Duser.country=CN -Duser.language=zh -Duser.variant 
java_command: org.gradle.launcher.daemon.bootstrap.GradleDaemon 5.6.4
java_class_path (initial): C:\Users\Lenovo\.gradle\wrapper\dists\gradle-5.6.4-all\ankdp27end7byghfw1q2sw75f\gradle-5.6.4\lib\gradle-launcher-5.6.4.jar
Launcher Type: SUN_STANDARD

Environment Variables:
JAVA_HOME=D:\JDK and Eclipse(2)\JDK1
CLASSPATH=.;D:\JDK and Eclipse(2)\JDK1\lib;D:\JDK and Eclipse(2)\JDK1\lib\tools.jar;D:\JDK and Eclipse(2)\JDK1\lib\sqljdbc41.jar;
PATH=D:\PATH\AndroidStudio\SDK\platform-tools;D:\PATH\AndroidStudio\SDK\platform-tools;D:\PATH\AndroidStudio\SDK\tools;E:\PATH\oracle\product\11.2.0\dbhome_1\bin;c:\gtk\bin;C:\ProgramData\Oracle\Java\javapath;.;D:\JDK\JDK1\bin;C:\Windows\system32;C:\Windows;C:\Windows\system32\wbem;D:\JDK and Eclipse(2)\JDK1\bin;D:\JDK and Eclipse(2)\JDK1\jre\bin;e:\path\alter\71\quartus\bin;C:\Users\Lenovo\.dnx\bin;C:\Program Files\Microsoft DNX\Dnvm\;E:\PATH\server sql 2008\server sql 2008x86\100\Tools\Binn\;E:\PATH\server sql 2008\100\Tools\Binn\;E:\PATH\server sql 2008\100\DTS\Binn\;E:\PATH\server sql 2008\server sql 2008x86\100\Tools\Binn\VSShell\Common7\IDE\;C:\Program Files (x86)\Microsoft Visual Studio 9.0\Common7\IDE\PrivateAssemblies\;E:\PATH\server sql 2008\server sql 2008x86\100\DTS\Binn\
USERNAME=Lenovo
OS=Windows_NT
PROCESSOR_IDENTIFIER=Intel64 Family 6 Model 23 Stepping 10, GenuineIntel



---------------  S Y S T E M  ---------------

OS: Windows 7 , 64 bit Build 7601 (6.1.7601.24475)

CPU:total 2 (initial active 2) (2 cores per cpu, 1 threads per core) family 6 model 23 stepping 10, cmov, cx8, fxsr, mmx, sse, sse2, sse3, ssse3, sse4.1, tsc

Memory: 4k page, physical 6578204k(549404k free), swap 6576304k(5132k free)

vm_info: OpenJDK 64-Bit Server VM (25.212-b04) for windows-amd64 JRE (1.8.0_212-release-1586-b04), built by "builder" with MS VC++ 10.0 (VS2010)

time: Sat May 23 18:23:51 2020
timezone: 中国标准时间
elapsed time: 38 seconds (0d 0h 0m 38s)

