JvmtiExport can_access_local_variables 0
JvmtiExport can_hotswap_or_post_breakpoint 0
JvmtiExport can_post_on_exceptions 0
# 290 ciObject found
instanceKlass com/android/tools/r8/r/n/V
instanceKlass com/android/tools/r8/graph/k$a
instanceKlass com/android/tools/r8/graph/y0$$Lambda$461
instanceKlass com/android/tools/r8/graph/r
instanceKlass com/android/tools/r8/u/b/O0
instanceKlass com/android/tools/r8/graph/y0$$Lambda$460
instanceKlass com/android/tools/r8/v/a/a/a/f/y0
instanceKlass com/android/tools/r8/graph/w0
instanceKlass com/android/tools/r8/B/a/a/y
instanceKlass com/android/tools/r8/graph/A0$$Lambda$459
instanceKlass com/android/tools/r8/graph/y$b
instanceKlass com/android/tools/r8/r/n/z
instanceKlass com/android/tools/r8/graph/O0/b
instanceKlass com/android/tools/r8/utils/x0$$Lambda$458
instanceKlass java/util/concurrent/ConcurrentLinkedQueue$Itr
instanceKlass com/android/tools/r8/utils/ThreadUtils
instanceKlass com/android/tools/r8/graph/s0$d$$Lambda$457
instanceKlass com/android/tools/r8/graph/s0$a$$Lambda$456
instanceKlass java/lang/invoke/LambdaForm$MH
instanceKlass java/lang/invoke/LambdaForm$DMH
instanceKlass com/android/tools/r8/graph/s0$$Lambda$455
instanceKlass java/lang/invoke/LambdaForm$DMH
instanceKlass com/android/tools/r8/graph/q0
instanceKlass com/android/tools/r8/utils/I
instanceKlass com/android/tools/r8/graph/a0$$Lambda$454
instanceKlass java/lang/invoke/LambdaForm$MH
instanceKlass java/lang/invoke/LambdaForm$DMH
instanceKlass java/lang/invoke/LambdaForm$DMH
instanceKlass com/android/tools/r8/graph/s0$b$$Lambda$453
instanceKlass java/lang/invoke/LambdaForm$DMH
instanceKlass com/android/tools/r8/ir/optimize/info/e
instanceKlass com/android/tools/r8/s/a/a/a/B$a
instanceKlass com/android/tools/r8/v/a/a/a/h/g1
instanceKlass com/android/tools/r8/v/a/a/a/f/g
instanceKlass com/android/tools/r8/l
instanceKlass com/android/tools/r8/ir/optimize/info/d
instanceKlass com/android/tools/r8/graph/K0$a
instanceKlass com/android/tools/r8/u/c/T
instanceKlass com/android/tools/r8/u/e/a$a
instanceKlass com/android/tools/r8/ir/optimize/info/f
instanceKlass com/android/tools/r8/v/a/a/a/f/s0
instanceKlass com/android/tools/r8/v/a/a/a/f/r0
instanceKlass com/android/tools/r8/ir/optimize/info/a
instanceKlass com/android/tools/r8/graph/m
instanceKlass com/android/tools/r8/graph/b
instanceKlass com/android/tools/r8/graph/N
instanceKlass com/android/tools/r8/s/a/a/a/B
instanceKlass com/android/tools/r8/graph/r0$$Lambda$452
instanceKlass com/android/tools/r8/graph/r0$$Lambda$451
instanceKlass com/android/tools/r8/B/a/a/B
instanceKlass com/android/tools/r8/B/a/a/k
instanceKlass com/android/tools/r8/graph/s0$e
instanceKlass com/android/tools/r8/B/a/a/n
instanceKlass com/android/tools/r8/B/a/a/u
instanceKlass com/android/tools/r8/B/a/a/j
instanceKlass com/android/tools/r8/B/a/a/s
instanceKlass com/android/tools/r8/B/a/a/d
instanceKlass com/android/tools/r8/B/a/a/f
instanceKlass com/google/common/util/concurrent/InterruptibleTask$DoNothingRunnable
instanceKlass com/android/tools/r8/dex/a$a$$Lambda$450
instanceKlass com/android/tools/r8/graph/p$$Lambda$449
instanceKlass com/android/tools/r8/dex/a$a$$Lambda$448
instanceKlass com/android/tools/r8/B/a/a/a
instanceKlass com/android/tools/r8/graph/s0
instanceKlass com/android/tools/r8/graph/p$$Lambda$447
instanceKlass com/android/tools/r8/graph/p$$Lambda$446
instanceKlass com/android/tools/r8/graph/p$$Lambda$445
instanceKlass com/android/tools/r8/graph/p$$Lambda$444
instanceKlass java/lang/invoke/LambdaForm$DMH
instanceKlass java/lang/invoke/LambdaForm$DMH
instanceKlass com/android/tools/r8/graph/p$$Lambda$443
instanceKlass com/android/tools/r8/graph/p$$Lambda$442
instanceKlass com/android/tools/r8/graph/p$a
instanceKlass java/lang/invoke/LambdaForm$DMH
instanceKlass com/android/tools/r8/graph/a0$b
instanceKlass com/android/tools/r8/graph/K0
instanceKlass com/android/tools/r8/graph/h0
instanceKlass com/android/tools/r8/graph/C0
instanceKlass com/android/tools/r8/graph/r0
instanceKlass com/android/tools/r8/dex/a$a
instanceKlass com/android/tools/r8/utils/x0$$Lambda$441
instanceKlass com/android/tools/r8/dex/a$b
instanceKlass com/android/tools/r8/graph/a
instanceKlass com/android/tools/r8/utils/A
instanceKlass com/android/tools/r8/graph/y
instanceKlass com/android/tools/r8/graph/y$a
instanceKlass com/android/tools/r8/dex/a
instanceKlass com/android/tools/r8/utils/K0$a
instanceKlass com/android/tools/r8/utils/K0
instanceKlass com/android/tools/r8/D8$$Lambda$440
instanceKlass com/android/tools/r8/utils/O$a
instanceKlass com/android/tools/r8/utils/X$f$b
instanceKlass com/android/tools/r8/utils/X$f$a
instanceKlass com/android/tools/r8/utils/U$a
instanceKlass com/android/tools/r8/utils/U
instanceKlass com/android/tools/r8/utils/X$f
instanceKlass com/android/tools/r8/utils/X$d
instanceKlass com/android/tools/r8/utils/X$$Lambda$439
instanceKlass com/android/tools/r8/utils/M0
instanceKlass com/android/tools/r8/Version
instanceKlass com/android/tools/r8/utils/X
instanceKlass com/android/tools/r8/ir/optimize/info/l
instanceKlass com/android/tools/r8/u/c/Q
instanceKlass com/android/tools/r8/u/c/L
instanceKlass com/android/tools/r8/D8
instanceKlass com/android/tools/r8/DataResourceProvider
instanceKlass com/android/tools/r8/utils/e$b$a
instanceKlass com/android/tools/r8/u/d/F
instanceKlass com/android/tools/r8/u/d/i
instanceKlass com/android/tools/r8/y/c$b
instanceKlass com/android/tools/r8/y/c$a
instanceKlass java/util/stream/Sink$ChainedInt
instanceKlass java/util/stream/Sink$OfInt
instanceKlass java/util/function/IntConsumer
instanceKlass com/android/tools/r8/y/b$$Lambda$438
instanceKlass java/util/stream/IntPipeline$$Lambda$437
instanceKlass java/util/stream/Streams$RangeIntSpliterator
instanceKlass com/android/tools/r8/v/a/a/a/h/d
instanceKlass com/android/tools/r8/y/b
instanceKlass com/android/tools/r8/y/c
instanceKlass com/android/tools/r8/s/a/a/a/C
instanceKlass java/util/stream/StreamSpliterators$WrappingSpliterator$$Lambda$436
instanceKlass java/lang/invoke/LambdaForm$DMH
instanceKlass com/android/tools/r8/s/a/a/b/s$$Lambda$435
instanceKlass com/android/tools/r8/graph/V$$Lambda$434
instanceKlass com/android/tools/r8/graph/V$$Lambda$433
instanceKlass com/android/tools/r8/s/a/a/b/s
instanceKlass com/android/tools/r8/s/a/a/b/v$$Lambda$432
instanceKlass java/util/stream/StreamSpliterators$AbstractWrappingSpliterator
instanceKlass java/util/stream/AbstractPipeline$$Lambda$431
instanceKlass com/android/tools/r8/graph/V$$Lambda$430
instanceKlass com/android/tools/r8/s/a/a/b/I$b
instanceKlass com/android/tools/r8/graph/V$$Lambda$429
instanceKlass com/android/tools/r8/graph/V$$Lambda$428
instanceKlass java/lang/invoke/LambdaForm$DMH
instanceKlass com/android/tools/r8/graph/V$$Lambda$427
instanceKlass java/util/stream/Streams$AbstractStreamBuilderImpl
instanceKlass com/android/tools/r8/utils/v0
instanceKlass com/android/tools/r8/graph/V$o
instanceKlass com/android/tools/r8/graph/V$n
instanceKlass com/android/tools/r8/graph/V$l
instanceKlass com/android/tools/r8/graph/V$c
instanceKlass com/android/tools/r8/s/a/a/b/P
instanceKlass com/android/tools/r8/s/a/a/b/b0$a
instanceKlass com/android/tools/r8/graph/V$m
instanceKlass com/android/tools/r8/graph/V$i
instanceKlass com/android/tools/r8/graph/V$f
instanceKlass com/android/tools/r8/graph/V$e
instanceKlass com/android/tools/r8/graph/V$d
instanceKlass com/android/tools/r8/graph/V$b
instanceKlass com/android/tools/r8/graph/V$r
instanceKlass com/android/tools/r8/graph/V$g
instanceKlass com/android/tools/r8/graph/V$h
instanceKlass com/android/tools/r8/graph/V$q
instanceKlass com/android/tools/r8/graph/V$j
instanceKlass com/android/tools/r8/graph/V$k
instanceKlass com/android/tools/r8/utils/O
instanceKlass com/android/tools/r8/u/b/d0
instanceKlass com/android/tools/r8/u/b/g0
instanceKlass com/android/tools/r8/graph/V$p
instanceKlass java/lang/StrictMath
instanceKlass com/android/tools/r8/v/a/a/a/c
instanceKlass com/android/tools/r8/v/a/a/a/f/X
instanceKlass com/android/tools/r8/v/a/a/a/h/y0
instanceKlass com/android/tools/r8/v/a/a/a/f/X0
instanceKlass com/android/tools/r8/v/a/a/a/f/F0
instanceKlass com/android/tools/r8/v/a/a/a/h/n0
instanceKlass com/android/tools/r8/v/a/a/a/h/r0
instanceKlass com/android/tools/r8/s/a/a/a/b0
instanceKlass com/android/tools/r8/s/a/a/a/P
instanceKlass com/android/tools/r8/s/a/a/a/J
instanceKlass com/android/tools/r8/s/a/a/b/k
instanceKlass com/android/tools/r8/s/a/a/b/b0
instanceKlass com/android/tools/r8/utils/E0
instanceKlass com/android/tools/r8/ir/analysis/type/k
instanceKlass com/android/tools/r8/graph/I0
instanceKlass com/android/tools/r8/graph/H0
instanceKlass com/android/tools/r8/graph/U
instanceKlass com/android/tools/r8/v/a/a/a/f/c
instanceKlass com/android/tools/r8/s/a/a/b/p
instanceKlass com/android/tools/r8/v/a/a/a/f/Y
instanceKlass com/android/tools/r8/v/a/a/a/f/V
instanceKlass com/android/tools/r8/graph/V
instanceKlass com/android/tools/r8/utils/L
instanceKlass com/android/tools/r8/utils/u0
instanceKlass com/android/tools/r8/utils/Q
instanceKlass java/util/Vector$1
instanceKlass com/android/tools/r8/ProgramResource$ByteResource
instanceKlass com/android/tools/r8/ProgramResource
instanceKlass com/android/tools/r8/BaseCommand$Builder$$Lambda$426
instanceKlass com/google/common/io/ByteArrayDataOutput
instanceKlass com/google/common/io/ByteArrayDataInput
instanceKlass com/google/common/io/ByteStreams
instanceKlass com/android/builder/dexing/NoCacheJarClassFileEntry
instanceKlass com/android/builder/dexing/D8DexArchiveBuilder$$Lambda$425
instanceKlass com/android/tools/r8/BaseCompilerCommand$Builder$$Lambda$424
instanceKlass com/android/tools/r8/p
instanceKlass com/android/tools/r8/ProgramResourceProvider
instanceKlass com/android/tools/r8/utils/e$b
instanceKlass com/android/tools/r8/DataResourceProvider$Visitor
instanceKlass com/android/tools/r8/DataResource
instanceKlass com/android/tools/build/apkzlib/zip/StoredEntry$$Lambda$423
instanceKlass com/android/tools/r8/Resource
instanceKlass com/android/tools/r8/v/a/a/a/h/P
instanceKlass com/android/tools/r8/v/a/a/a/h/K
instanceKlass com/android/tools/r8/v/a/a/a/a
instanceKlass com/android/tools/r8/B/a/a/h
instanceKlass com/android/tools/r8/utils/e
instanceKlass com/android/tools/r8/utils/y0
instanceKlass com/android/tools/r8/StringConsumer
instanceKlass com/android/tools/r8/ClassFileConsumer$ForwardingConsumer
instanceKlass com/android/tools/r8/ClassFileConsumer
instanceKlass com/android/tools/r8/DexFilePerClassFileConsumer$ForwardingConsumer
instanceKlass com/android/tools/r8/DexFilePerClassFileConsumer
instanceKlass com/android/tools/r8/InternalProgramOutputPathConsumer
instanceKlass com/android/tools/r8/DataResourceConsumer
instanceKlass com/android/tools/r8/DexIndexedConsumer$ForwardingConsumer
instanceKlass com/android/tools/r8/DexIndexedConsumer
instanceKlass com/android/tools/r8/ByteBufferProvider
instanceKlass com/android/tools/r8/ProgramConsumer
instanceKlass com/android/tools/r8/s/a/a/b/N2
instanceKlass com/android/tools/r8/s/a/a/b/v
instanceKlass com/android/tools/r8/BaseCommand$Builder
instanceKlass com/android/tools/r8/Diagnostic
instanceKlass com/android/tools/r8/b
instanceKlass com/android/tools/r8/BaseCommand
instanceKlass com/android/tools/r8/origin/Origin
instanceKlass com/android/builder/dexing/JarClassFileInput$$Lambda$422
instanceKlass java/util/zip/ZipFile$ZipEntryIterator
instanceKlass com/android/builder/dexing/ClassFileInput$$Lambda$421
instanceKlass com/android/build/gradle/internal/dependency/BaseDexingTransform$transform$1$1$1$1
instanceKlass com/android/builder/dexing/ClassFileEntry
instanceKlass com/android/builder/dexing/JarClassFileInput
instanceKlass com/android/builder/dexing/ClassFileInput
instanceKlass com/android/builder/dexing/ClassFileInputs
instanceKlass com/android/builder/dexing/D8DiagnosticsHandler
instanceKlass com/android/tools/r8/DiagnosticsHandler
instanceKlass com/android/builder/dexing/DexArchiveBuilder
instanceKlass com/android/builder/dexing/r8/ClassFileProviderFactory$OrderedClassFileResourceProvider$$Lambda$420
instanceKlass com/android/builder/dexing/r8/ClassFileProviderFactory$OrderedClassFileResourceProvider
instanceKlass com/android/tools/r8/ClassFileResourceProvider
instanceKlass com/android/builder/dexing/r8/ClassFileProviderFactory
instanceKlass org/gradle/api/internal/artifacts/transform/DefaultTransformOutputs$$Lambda$419
instanceKlass com/android/build/gradle/internal/tasks/BlocksUtilsKt
instanceKlass com/android/tools/build/apkzlib/zip/ZFile$$Lambda$418
instanceKlass com/android/tools/build/apkzlib/utils/IOExceptionFunction
instanceKlass com/android/tools/build/gradle/internal/profile/GradleTransformExecutionType$1
instanceKlass com/android/tools/build/apkzlib/zip/ZFileExtension
instanceKlass org/gradle/api/internal/artifacts/transform/DefaultTransformOutputs
instanceKlass org/gradle/api/internal/artifacts/transform/TransformOutputsInternal
instanceKlass org/gradle/api/internal/artifacts/transform/DefaultTransformer$TransformServiceLookup$$Lambda$417
instanceKlass org/gradle/api/internal/artifacts/transform/DefaultTransformer$TransformServiceLookup$$Lambda$416
instanceKlass org/gradle/api/internal/artifacts/transform/DefaultTransformer$TransformServiceLookup$InjectionPoint
instanceKlass org/gradle/api/internal/artifacts/transform/DefaultTransformer$TransformServiceLookup$$Lambda$415
instanceKlass org/gradle/api/internal/artifacts/transform/DefaultTransformer$TransformServiceLookup
instanceKlass org/gradle/internal/execution/steps/ExecuteStep$$Lambda$414
instanceKlass org/gradle/internal/execution/steps/CleanupOutputsStep$1
instanceKlass org/gradle/internal/execution/steps/CleanupOutputsStep$$Lambda$413
instanceKlass org/gradle/internal/execution/history/changes/DefaultIncrementalInputProperties$$Lambda$412
instanceKlass org/gradle/internal/execution/history/changes/DefaultIncrementalInputProperties$$Lambda$411
instanceKlass com/google/common/collect/ForwardingObject
instanceKlass org/gradle/internal/execution/history/changes/DefaultIncrementalInputProperties$$Lambda$410
instanceKlass com/google/common/base/Predicates$CompositionPredicate
instanceKlass org/gradle/internal/execution/history/changes/DefaultIncrementalInputProperties$$Lambda$409
instanceKlass org/gradle/internal/execution/history/changes/DefaultIncrementalInputProperties
instanceKlass org/gradle/internal/execution/steps/ResolveChangesStep$$Lambda$408
instanceKlass java/lang/invoke/LambdaForm$DMH
instanceKlass com/google/common/io/Closer$SuppressingSuppressor
instanceKlass com/google/common/io/Closer$Suppressor
instanceKlass com/google/common/base/Optional
instanceKlass com/android/tools/build/apkzlib/zip/ProcessedAndRawByteSources
instanceKlass com/google/common/io/CharSource
instanceKlass com/android/tools/build/apkzlib/zip/StoredEntry$$Lambda$407
instanceKlass com/android/tools/build/apkzlib/zip/StoredEntry
instanceKlass com/android/tools/build/apkzlib/zip/ExtraField
instanceKlass com/android/tools/build/apkzlib/zip/CentralDirectoryHeader
instanceKlass com/google/common/util/concurrent/ImmediateFuture
instanceKlass com/google/common/util/concurrent/CheckedFuture
instanceKlass com/google/common/util/concurrent/GwtFuturesCatchingSpecialization
instanceKlass com/android/tools/build/apkzlib/zip/CentralDirectoryHeaderCompressInfo
instanceKlass com/android/tools/build/apkzlib/zip/EncodeUtils
instanceKlass com/android/tools/build/apkzlib/zip/GPFlags
instanceKlass com/android/tools/build/apkzlib/zip/CentralDirectory$$Lambda$406
instanceKlass com/android/tools/build/apkzlib/zip/CentralDirectory
instanceKlass com/android/tools/build/apkzlib/zip/Eocd$$Lambda$405
instanceKlass com/android/tools/build/apkzlib/zip/utils/LittleEndianUtils
instanceKlass com/android/tools/build/apkzlib/zip/ZipFieldInvariantMaxValue
instanceKlass com/android/tools/build/apkzlib/zip/ZipFieldInvariantNonNegative
instanceKlass com/android/tools/build/apkzlib/zip/ZipFieldInvariant
instanceKlass com/android/tools/build/apkzlib/zip/ZipField
instanceKlass com/android/tools/build/apkzlib/zip/Eocd
instanceKlass com/android/builder/files/DirectoryEntry
instanceKlass com/android/builder/files/ZipCentralDirectoryKt
instanceKlass com/android/builder/files/ZipCentralDirectory$CdrInfo
instanceKlass com/android/builder/files/RelativeFiles
instanceKlass com/android/builder/files/ZipCentralDirectory
instanceKlass com/android/builder/merge/IncrementalFileMerger$$Lambda$404
instanceKlass com/android/tools/build/apkzlib/zip/VerifyLogs$1
instanceKlass com/android/tools/build/apkzlib/bytestorage/LruTracker$$Lambda$403
instanceKlass com/android/tools/build/apkzlib/bytestorage/LruTracker
instanceKlass com/android/tools/build/apkzlib/bytestorage/TemporaryDirectory$1
instanceKlass com/android/tools/build/apkzlib/bytestorage/TemporaryFile
instanceKlass java/nio/file/TempFileHelper
instanceKlass com/android/tools/build/apkzlib/bytestorage/TemporaryDirectoryStorage
instanceKlass com/android/tools/build/apkzlib/bytestorage/InMemoryByteStorage
instanceKlass com/android/tools/build/apkzlib/bytestorage/OverflowToDiskByteStorage
instanceKlass com/android/tools/build/apkzlib/bytestorage/ChunkBasedByteStorage
instanceKlass com/android/tools/build/apkzlib/zip/FileUseMapEntry$$Lambda$402
instanceKlass com/android/tools/build/apkzlib/zip/FileUseMapEntry$$Lambda$401
instanceKlass com/android/tools/build/apkzlib/zip/FileUseMapEntry
instanceKlass com/android/tools/build/apkzlib/zip/FileUseMap
instanceKlass com/android/tools/build/apkzlib/zip/ZFileOptions$$Lambda$400
instanceKlass com/android/tools/build/apkzlib/zip/VerifyLog
instanceKlass com/android/tools/build/apkzlib/zip/VerifyLogs
instanceKlass com/android/tools/build/apkzlib/zip/AlignmentRules$$Lambda$399
instanceKlass com/android/tools/build/apkzlib/zip/AlignmentRules
instanceKlass com/android/tools/build/apkzlib/zip/AlignmentRule
instanceKlass com/android/tools/build/apkzlib/zip/ZFileOptions$$Lambda$398
instanceKlass com/android/tools/build/apkzlib/zip/compress/ExecutorCompressor
instanceKlass com/android/tools/build/apkzlib/zip/ZFileOptions$$Lambda$397
instanceKlass com/android/tools/build/apkzlib/bytestorage/TemporaryDirectoryFactory
instanceKlass com/android/tools/build/apkzlib/bytestorage/TemporaryDirectory
instanceKlass com/android/tools/build/apkzlib/bytestorage/OverflowToDiskByteStorageFactory
instanceKlass com/android/tools/build/apkzlib/bytestorage/ByteStorage
instanceKlass com/android/tools/build/apkzlib/bytestorage/ChunkBasedByteStorageFactory
instanceKlass com/android/tools/build/apkzlib/zip/Compressor
instanceKlass com/android/tools/build/apkzlib/bytestorage/ByteStorageFactory
instanceKlass com/android/tools/build/apkzlib/zip/ZFileOptions
instanceKlass com/google/common/util/concurrent/FutureCallback
instanceKlass com/android/tools/build/apkzlib/zip/ZFile
instanceKlass com/android/builder/merge/IncrementalFileMerger$$Lambda$396
instanceKlass com/android/builder/merge/IncrementalFileMerger$$Lambda$395
instanceKlass com/android/builder/merge/IncrementalFileMergerState$Builder
instanceKlass com/android/builder/merge/IncrementalFileMerger
instanceKlass com/android/builder/packaging/PackagingUtils$$Lambda$394
instanceKlass com/android/builder/packaging/PackagingUtils
instanceKlass com/android/builder/merge/IncrementalFileMergerState
instanceKlass com/android/builder/merge/DelegateIncrementalFileMergerOutput
instanceKlass com/android/build/gradle/internal/tasks/MergeJavaResourcesDelegateKt$containsHighPriorityScope$1
instanceKlass com/android/build/gradle/internal/tasks/MergeJavaResourcesDelegateKt
instanceKlass com/android/builder/merge/IncrementalFileMergerOutputs$1
instanceKlass com/android/builder/merge/IncrementalFileMergerOutput
instanceKlass com/android/builder/merge/IncrementalFileMergerOutputs
instanceKlass com/android/builder/merge/MergeOutputWriters$2
instanceKlass com/android/builder/merge/MergeOutputWriter
instanceKlass com/android/builder/merge/MergeOutputWriters
instanceKlass com/android/builder/merge/StreamMergeAlgorithms$$Lambda$393
instanceKlass com/android/builder/merge/StreamMergeAlgorithm
instanceKlass com/google/common/io/Closer
instanceKlass com/android/builder/merge/StreamMergeAlgorithms
instanceKlass com/android/build/gradle/internal/tasks/MergeJavaResourcesDelegate$run$mergeTransformAlgorithm$1
instanceKlass com/android/builder/merge/DelegateIncrementalFileMergerInput
instanceKlass com/android/build/gradle/internal/tasks/MergeJavaResourcesDelegate$run$inputFilter$1
instanceKlass kotlin/comparisons/ComparisonsKt__ComparisonsKt
instanceKlass com/android/build/gradle/internal/tasks/MergeJavaResourcesDelegate$run$$inlined$sortBy$1
instanceKlass sun/nio/fs/WindowsFileSystem$2
instanceKlass sun/nio/fs/Globs
instanceKlass com/android/build/gradle/internal/matcher/FileNameWithPrefixPathMatcher$Companion$factory$1
instanceKlass com/android/build/gradle/internal/matcher/FileNameWithPrefixPathMatcher$Companion
instanceKlass com/android/build/gradle/internal/matcher/FileNameWithPrefixPathMatcher
instanceKlass com/android/build/gradle/internal/matcher/FileNameWithSuffixPathMatcher$Companion$factory$1
instanceKlass com/android/build/gradle/internal/matcher/FileNameWithSuffixPathMatcher$Companion
instanceKlass com/android/build/gradle/internal/matcher/FileNameWithSuffixPathMatcher
instanceKlass com/android/build/gradle/internal/matcher/FileExtensionWithPrefixPathMatcher$Companion$factory$1
instanceKlass com/android/build/gradle/internal/matcher/FileExtensionWithPrefixPathMatcher$Companion
instanceKlass com/android/build/gradle/internal/matcher/FileExtensionWithPrefixPathMatcher
instanceKlass com/android/build/gradle/internal/matcher/FolderInHierarchyPathMatcher$Companion$factory$1
instanceKlass com/android/build/gradle/internal/matcher/FolderInHierarchyPathMatcher$Companion
instanceKlass com/android/build/gradle/internal/matcher/FolderInHierarchyPathMatcher
instanceKlass com/android/build/gradle/internal/matcher/NoWildcardPathMatcher$Companion$factory$1
instanceKlass com/android/build/gradle/internal/matcher/NoWildcardPathMatcher$Companion
instanceKlass com/android/build/gradle/internal/matcher/NoWildcardPathMatcher
instanceKlass java/nio/file/PathMatcher
instanceKlass com/android/build/gradle/internal/matcher/GlobPathMatcherFactory$Companion
instanceKlass com/android/build/gradle/internal/matcher/GlobPathMatcherFactory
instanceKlass com/android/build/gradle/internal/packaging/ParsedPackagingOptions
instanceKlass com/android/build/gradle/internal/tasks/MergeJavaResourcesDelegate
instanceKlass org/gradle/execution/plan/DefaultExecutionPlan$8$2
instanceKlass com/android/build/gradle/internal/tasks/IncrementalFileMergerTaskUtils$toInputs$$inlined$let$lambda$1
instanceKlass com/android/builder/merge/LazyIncrementalFileMergerInput$$Lambda$392
instanceKlass com/android/builder/merge/LazyIncrementalFileMergerInput$$Lambda$391
instanceKlass com/android/builder/merge/LazyIncrementalFileMergerInput$$Lambda$390
instanceKlass com/android/builder/merge/LazyIncrementalFileMergerInput
instanceKlass com/android/builder/merge/IncrementalFileMergerInput
instanceKlass com/android/builder/merge/OpenableCloseable
instanceKlass com/android/builder/merge/LazyIncrementalFileMergerInputs$$Lambda$389
instanceKlass com/android/builder/merge/LazyIncrementalFileMergerInputs$$Lambda$388
instanceKlass com/android/tools/build/apkzlib/utils/CachedSupplier
instanceKlass com/android/builder/merge/LazyIncrementalFileMergerInputs
instanceKlass com/android/build/gradle/internal/tasks/IncrementalFileMergerTaskUtils$toNonIncrementalInput$1
instanceKlass com/android/tools/build/apkzlib/utils/IOExceptionRunnable$$Lambda$387
instanceKlass com/android/build/gradle/internal/tasks/IncrementalFileMergerTaskUtils$toInputs$1
instanceKlass com/android/tools/build/apkzlib/utils/IOExceptionRunnable
instanceKlass com/android/build/gradle/internal/tasks/IncrementalFileMergerTaskUtils
instanceKlass com/android/build/gradle/internal/tasks/MergeJavaResRunnable$sam$java_util_function_Function$0
instanceKlass java/lang/FunctionalInterface
instanceKlass com/android/build/gradle/internal/tasks/Workers$DirectWorkerExecutor
instanceKlass org/gradle/workers/internal/NoIsolationWorkerFactory$1$1$1
instanceKlass org/gradle/workers/internal/AdapterWorkParameters$Inject
instanceKlass com/google/common/collect/ImmutableSet$SerializedForm
instanceKlass org/gradle/workers/internal/AbstractWorker$Details
instanceKlass org/gradle/workers/internal/ExecuteWorkItemBuildOperationType$Details
instanceKlass org/gradle/workers/internal/AbstractWorker$1
instanceKlass org/gradle/workers/internal/NoIsolationWorkerFactory$1$1
instanceKlass org/gradle/workers/internal/AbstractWorker$Result
instanceKlass org/gradle/workers/internal/ExecuteWorkItemBuildOperationType$Result
instanceKlass org/gradle/workers/internal/AbstractWorker$Work
instanceKlass org/gradle/workers/internal/AbstractWorker
instanceKlass org/gradle/workers/internal/DefaultWorkerExecutor$ContextClassLoaderWorkerFactory$1
instanceKlass java/util/IdentityHashMap$IdentityHashMapIterator
instanceKlass org/gradle/internal/work/DefaultConditionalExecutionQueue$ExecutionRunner$1
instanceKlass org/gradle/internal/work/DefaultWorkerLeaseService$5$1
instanceKlass org/gradle/internal/work/DefaultWorkerLeaseService$5
instanceKlass org/gradle/internal/work/DefaultAsyncWorkTracker$1
instanceKlass org/gradle/internal/work/DefaultAsyncWorkTracker$2
instanceKlass org/gradle/internal/work/DefaultAsyncWorkTracker$3
instanceKlass org/gradle/internal/work/DefaultConditionalExecutionQueue$ExecutionRunner
instanceKlass org/gradle/workers/internal/DefaultWorkerExecutor$LazyChildWorkerLeaseLock
instanceKlass org/gradle/workers/internal/DefaultWorkerExecutor$3
instanceKlass org/gradle/internal/work/AbstractConditionalExecution
instanceKlass com/google/common/collect/ImmutableSet$SerializedForm
instanceKlass com/google/common/collect/ImmutableList$SerializedForm
instanceKlass org/gradle/workers/internal/IsolatedParametersActionExecutionSpec
instanceKlass org/gradle/process/internal/DefaultExecActionFactory$ImmutableJavaForkOptions
instanceKlass org/gradle/workers/internal/DaemonForkOptionsBuilder
instanceKlass org/gradle/workers/internal/AdapterWorkParameters_Decorated
instanceKlass org/gradle/internal/instantiation/AsmBackedClassGenerator$ClassBuilderImpl$$Lambda$386
instanceKlass org/gradle/workers/WorkParameters$None
instanceKlass org/gradle/workers/internal/AdapterWorkParameters
instanceKlass org/gradle/workers/internal/AdapterWorkAction
instanceKlass org/gradle/workers/internal/ProvidesWorkResult
instanceKlass org/gradle/workers/WorkAction
instanceKlass org/gradle/workers/internal/DefaultWorkerExecutor$ContextClassLoaderWorkerFactory
instanceKlass org/gradle/workers/internal/DefaultWorkerExecutor$DefaultWorkQueue
instanceKlass org/gradle/workers/ProcessWorkerSpec
instanceKlass org/gradle/workers/ClassLoaderWorkerSpec
instanceKlass org/gradle/workers/internal/DefaultWorkerSpec
instanceKlass org/gradle/workers/internal/DefaultWorkerExecutor$2
instanceKlass org/gradle/workers/internal/DefaultWorkerExecutor$5
instanceKlass org/gradle/workers/internal/DefaultWorkerExecutor$1
instanceKlass com/android/build/gradle/internal/tasks/Workers$WhenMappings
instanceKlass org/gradle/process/internal/JvmOptions
instanceKlass org/gradle/process/internal/DefaultProcessForkOptions
instanceKlass org/gradle/process/internal/DefaultJavaDebugOptions
instanceKlass com/android/build/gradle/internal/tasks/Workers$WorkerExecutorAdapter$submit$1
instanceKlass com/android/build/gradle/internal/tasks/Workers$ActionFacade
instanceKlass com/android/build/gradle/internal/profile/WorkerProfilingRecord
instanceKlass com/android/build/gradle/internal/tasks/Workers$ActionParameters
instanceKlass com/android/ide/common/workers/WorkerExecutorFacade$Configuration
instanceKlass com/android/build/gradle/internal/tasks/MergeJavaResRunnable$Params
instanceKlass com/android/build/gradle/internal/tasks/MergeJavaResRunnable
instanceKlass com/android/build/gradle/internal/tasks/Workers$WorkerExecutorAdapter
instanceKlass javax/management/MBeanServerInvocationHandler
instanceKlass com/android/ide/common/workers/GradlePluginMBeans
instanceKlass com/android/build/gradle/internal/tasks/Blocks
instanceKlass com/android/build/gradle/internal/tasks/IncrementalTask$taskAction$$inlined$recordTaskAction$1
instanceKlass com/android/build/gradle/internal/tasks/Blocks$ThrowingBlockWithReturn
instanceKlass org/gradle/api/tasks/incremental/InputFileDetails
instanceKlass org/gradle/api/internal/changedetection/changes/StatefulIncrementalTaskInputs
instanceKlass org/gradle/internal/execution/history/changes/NonIncrementalInputChanges$$Lambda$385
instanceKlass org/gradle/api/internal/tasks/execution/ExecuteTaskActionBuildOperationType$2
instanceKlass org/gradle/api/internal/tasks/execution/ExecuteTaskActionBuildOperationType$1
instanceKlass org/gradle/api/internal/tasks/execution/ExecuteTaskActionBuildOperationType$Result
instanceKlass org/gradle/api/internal/tasks/execution/ExecuteTaskActionBuildOperationType$Details
instanceKlass org/gradle/api/internal/tasks/execution/ExecuteTaskActionBuildOperationType
instanceKlass org/gradle/api/internal/tasks/execution/ExecuteActionsTaskExecuter$5
instanceKlass org/gradle/internal/logging/compatbridge/LoggingManagerInternalCompatibilityBridge
instanceKlass org/gradle/internal/execution/steps/ExecuteStep$$Lambda$384
instanceKlass org/gradle/internal/execution/steps/CleanupOutputsStep$$Lambda$383
instanceKlass org/gradle/internal/execution/steps/ResolveInputChangesStep$1
instanceKlass org/gradle/internal/execution/InputChangesContext
instanceKlass org/gradle/work/FileChange
instanceKlass org/gradle/internal/execution/history/changes/NonIncrementalInputChanges
instanceKlass org/gradle/internal/execution/steps/CreateOutputsStep$2
instanceKlass org/gradle/internal/execution/steps/CreateOutputsStep$1
instanceKlass org/gradle/internal/execution/steps/BroadcastChangingOutputsStep$$Lambda$382
instanceKlass org/gradle/internal/execution/history/changes/RebuildExecutionStateChanges
instanceKlass org/apache/commons/io/filefilter/IOFileFilter
instanceKlass org/apache/commons/io/FileUtils
instanceKlass org/gradle/api/internal/tasks/execution/CleanupStaleOutputsExecuter$1
instanceKlass org/gradle/internal/fingerprint/impl/PatternSetSnapshottingFilter$LogicalFileTreeElement
instanceKlass org/gradle/internal/snapshot/impl/FileSystemSnapshotFilter$1
instanceKlass org/gradle/internal/snapshot/impl/FileSystemSnapshotFilter
instanceKlass org/gradle/internal/fingerprint/impl/PatternSetSnapshottingFilter$$Lambda$381
instanceKlass org/gradle/internal/snapshot/SnapshottingFilter$FileSystemSnapshotPredicate
instanceKlass org/gradle/internal/snapshot/FileSystemSnapshot$1
instanceKlass org/gradle/internal/snapshot/SnapshottingFilter$1
instanceKlass org/gradle/internal/fingerprint/impl/PatternSetSnapshottingFilter$PathBackedFileTreeElement
instanceKlass org/gradle/internal/fingerprint/impl/PatternSetSnapshottingFilter$$Lambda$380
instanceKlass org/gradle/internal/snapshot/SnapshottingFilter$DirectoryWalkerPredicate
instanceKlass java/lang/invoke/LambdaForm$DMH
instanceKlass org/gradle/internal/snapshot/impl/DefaultFileSystemSnapshotter$3
instanceKlass org/gradle/internal/fingerprint/impl/PatternSetSnapshottingFilter
instanceKlass com/google/common/base/ExtraObjectsMethodsForWeb
instanceKlass org/gradle/internal/fingerprint/impl/IgnoredPathFingerprintingStrategy$1
instanceKlass com/android/build/gradle/tasks/ProcessApplicationManifest$$Lambda$379
instanceKlass org/gradle/api/internal/provider/Collectors$ElementsFromCollection
instanceKlass org/gradle/api/internal/artifacts/transform/CacheableInvocation$$Lambda$378
instanceKlass java/util/function/Function$$Lambda$377
instanceKlass org/gradle/internal/fingerprint/impl/RelativePathFingerprintingStrategy$1
instanceKlass java/util/stream/SortedOps
instanceKlass com/android/build/gradle/tasks/MergeResources$$Lambda$376
instanceKlass com/android/build/gradle/internal/scope/ApkData$$Lambda$375
instanceKlass org/gradle/api/internal/artifacts/transform/TransformingArtifactVisitor$$Lambda$374
instanceKlass org/gradle/api/internal/artifacts/transform/TransformingArtifactVisitor$$Lambda$373
instanceKlass org/gradle/api/internal/artifacts/transform/TransformingArtifactVisitor$$Lambda$372
instanceKlass org/gradle/api/internal/artifacts/transform/TransformingArtifactVisitor$$Lambda$371
instanceKlass org/gradle/api/internal/artifacts/transform/TransformingArtifactVisitor
instanceKlass org/gradle/internal/fingerprint/impl/NameOnlyFingerprintingStrategy$1
instanceKlass org/gradle/api/internal/artifacts/transform/TransformationStep$$Lambda$370
instanceKlass org/gradle/api/internal/artifacts/transform/DefaultTransformationNodeRegistry$ArtifactTransformKey
instanceKlass org/gradle/api/internal/artifacts/transform/DefaultTransformationNodeRegistry$2
instanceKlass org/gradle/api/internal/artifacts/transform/CacheableInvocation$$Lambda$369
instanceKlass org/gradle/api/internal/artifacts/transform/DefaultTransformerInvoker$2$$Lambda$368
instanceKlass sun/nio/fs/WindowsChannelFactory$Flags
instanceKlass sun/nio/fs/WindowsChannelFactory$1
instanceKlass sun/nio/fs/WindowsChannelFactory
instanceKlass sun/nio/fs/WindowsSecurityDescriptor
instanceKlass org/gradle/api/internal/artifacts/transform/DefaultTransformerInvoker$2$$Lambda$367
instanceKlass org/gradle/api/internal/artifacts/transform/DefaultTransformerInvoker$TransformerExecution$$Lambda$366
instanceKlass org/gradle/api/internal/artifacts/transform/DefaultTransformerInvoker$TransformerExecution$$Lambda$365
instanceKlass org/gradle/api/internal/artifacts/transform/DefaultTransformerInvoker$2$1
instanceKlass org/gradle/api/internal/artifacts/transform/DefaultTransformerInvoker$TransformerExecution
instanceKlass com/google/common/collect/ImmutableSortedMap$1
instanceKlass java/lang/invoke/LambdaForm$MH
instanceKlass org/gradle/api/internal/artifacts/transform/DefaultTransformerInvoker$2$$Lambda$364
instanceKlass org/gradle/api/internal/artifacts/transform/DefaultTransformerInvoker$2
instanceKlass org/gradle/api/internal/artifacts/transform/DefaultTransformationWorkspace
instanceKlass org/gradle/api/internal/artifacts/transform/ImmutableTransformationWorkspaceProvider$$Lambda$363
instanceKlass org/gradle/api/internal/artifacts/transform/AbstractCachingTransformationWorkspaceProvider$$Lambda$362
instanceKlass org/gradle/api/internal/artifacts/transform/TransformCompletion
instanceKlass java/lang/invoke/LambdaForm$MH
instanceKlass org/gradle/api/internal/artifacts/transform/DefaultTransformerInvoker$$Lambda$361
instanceKlass org/gradle/api/internal/artifacts/transform/TransformationWorkspaceProvider$TransformationWorkspaceAction
instanceKlass org/gradle/api/internal/artifacts/transform/TransformationOperation
instanceKlass org/gradle/api/internal/artifacts/transform/TransformingAsyncArtifactListener$$Lambda$360
instanceKlass org/gradle/api/internal/artifacts/transform/TransformingAsyncArtifactListener$$Lambda$359
instanceKlass java/lang/invoke/LambdaForm$DMH
instanceKlass org/gradle/api/internal/artifacts/transform/PrecomputedTransformationResult
instanceKlass org/gradle/api/internal/artifacts/transform/CacheableInvocation$3
instanceKlass org/gradle/api/internal/artifacts/transform/CacheableInvocation$$Lambda$358
instanceKlass org/gradle/api/internal/artifacts/transform/CacheableInvocation$$Lambda$357
instanceKlass org/gradle/api/internal/artifacts/transform/CacheableInvocation$$Lambda$356
instanceKlass org/gradle/api/internal/artifacts/transform/CacheableInvocation$1$$Lambda$355
instanceKlass org/gradle/api/internal/artifacts/transform/TransformationChain$$Lambda$354
instanceKlass org/gradle/api/internal/artifacts/transform/CacheableInvocation$1
instanceKlass org/gradle/api/internal/artifacts/transform/TransformationStep$$Lambda$353
instanceKlass org/gradle/api/internal/artifacts/transform/DefaultTransformerInvoker$1
instanceKlass org/gradle/api/internal/artifacts/transform/DefaultTransformerInvoker$ImmutableTransformationWorkspaceIdentity
instanceKlass org/gradle/api/internal/artifacts/transform/TransformationStep$$Lambda$352
instanceKlass org/gradle/api/internal/artifacts/transform/TransformationStep$$Lambda$351
instanceKlass org/gradle/api/internal/artifacts/transform/DefaultTransformer$IsolatedParameters
instanceKlass org/gradle/internal/instantiation/ManagedTypeFactory
instanceKlass org/gradle/api/internal/artifacts/transform/TransformationStep$$Lambda$350
instanceKlass org/gradle/api/internal/artifacts/transform/TransformationSubject
instanceKlass org/gradle/api/internal/artifacts/transform/DefaultExecutionGraphDependenciesResolver$1
instanceKlass org/gradle/api/internal/artifacts/transform/ArtifactTransformDependencies
instanceKlass org/gradle/api/internal/artifacts/transform/DefaultExecutionGraphDependenciesResolver
instanceKlass org/gradle/api/internal/artifacts/transform/TransformationResult
instanceKlass org/gradle/api/internal/artifacts/transform/TransformingAsyncArtifactListener
instanceKlass org/gradle/api/internal/artifacts/ivyservice/resolveengine/artifact/LocalFileDependencyBackedArtifactSet$SingletonFileResolvedVariant
instanceKlass org/gradle/internal/component/local/model/OpaqueComponentArtifactIdentifier
instanceKlass org/gradle/api/tasks/util/internal/CachingPatternSpecFactory$CachingSpec$1
instanceKlass org/gradle/api/internal/file/AbstractFileTreeElement
instanceKlass org/gradle/api/internal/file/collections/DefaultDirectoryWalker$PathVisitor
instanceKlass org/gradle/api/file/ReproducibleFileVisitor
instanceKlass org/gradle/api/internal/file/pattern/AnythingMatcher
instanceKlass org/gradle/api/internal/file/pattern/FixedPatternStep
instanceKlass org/gradle/api/internal/file/pattern/HasPrefixPatternStep
instanceKlass org/gradle/api/internal/file/pattern/HasPrefixAndSuffixPatternStep
instanceKlass org/gradle/api/internal/file/pattern/GreedyPathMatcher
instanceKlass org/gradle/api/tasks/util/internal/CachingPatternSpecFactory$CachingSpec
instanceKlass org/gradle/api/internal/file/RelativePathSpec
instanceKlass org/gradle/api/internal/file/pattern/HasSuffixPatternStep
instanceKlass org/gradle/api/internal/file/pattern/AnyWildcardPatternStep
instanceKlass org/gradle/api/internal/file/pattern/PatternStep
instanceKlass org/gradle/api/internal/file/pattern/PatternStepFactory
instanceKlass org/gradle/api/internal/file/pattern/FixedStepPathMatcher
instanceKlass org/gradle/api/internal/file/pattern/EndOfPathMatcher
instanceKlass org/gradle/api/internal/file/pattern/PatternMatcher
instanceKlass org/gradle/api/internal/file/pattern/PathMatcher
instanceKlass org/gradle/api/internal/file/pattern/PatternMatcherFactory
instanceKlass org/gradle/api/tasks/util/internal/CachingPatternSpecFactory$1
instanceKlass org/gradle/api/tasks/util/internal/CachingPatternSpecFactory$SpecKey
instanceKlass org/gradle/api/file/RelativePath
instanceKlass org/gradle/api/file/EmptyFileVisitor
instanceKlass org/gradle/api/internal/file/collections/ReproducibleDirectoryWalker
instanceKlass org/gradle/internal/nativeintegration/services/FileSystems
instanceKlass org/gradle/api/internal/file/collections/DefaultDirectoryWalker
instanceKlass org/gradle/api/internal/file/collections/DirectoryWalker
instanceKlass org/gradle/api/internal/artifacts/transform/ConsumerProvidedResolvedVariant
instanceKlass org/gradle/api/internal/artifacts/transform/AttributeMatchingVariantSelector$$Lambda$349
instanceKlass org/gradle/api/internal/artifacts/transform/AttributeMatchingVariantSelector$$Lambda$348
instanceKlass org/gradle/api/internal/artifacts/transform/TransformationChain
instanceKlass org/gradle/api/internal/artifacts/transform/ConsumerVariantMatchResult$ConsumerVariant
instanceKlass org/gradle/api/internal/artifacts/transform/ConsumerProvidedVariantFinder$$Lambda$347
instanceKlass org/gradle/api/internal/artifacts/transform/ConsumerVariantMatchResult
instanceKlass org/gradle/api/internal/artifacts/transform/ConsumerProvidedVariantFinder$AttributeSpecificCache
instanceKlass org/gradle/api/internal/artifacts/ivyservice/resolveengine/graph/builder/SelectorState$RejectedBySelectorReason
instanceKlass org/gradle/api/internal/artifacts/ivyservice/resolveengine/graph/builder/LenientPlatformDependencyMetadata
instanceKlass org/gradle/internal/resolve/RejectedVersion
instanceKlass org/gradle/api/internal/artifacts/ivyservice/ivyresolve/strategy/InverseVersionSelector
instanceKlass com/android/build/gradle/internal/dependency/ConstraintHandler$execute$$inlined$forEach$lambda$1$1
instanceKlass com/android/build/gradle/internal/dependency/ConstraintHandler$execute$$inlined$forEach$lambda$1
instanceKlass org/gradle/api/internal/artifacts/ivyservice/resolveengine/graph/builder/EdgeState$$Lambda$346
instanceKlass org/gradle/api/internal/artifacts/ivyservice/modulecache/artifacts/DefaultCachedArtifacts
instanceKlass org/gradle/api/internal/artifacts/ivyservice/modulecache/artifacts/AbstractArtifactsCache$ModuleArtifactsCacheEntry
instanceKlass org/gradle/api/internal/artifacts/ivyservice/modulecache/artifacts/ArtifactsAtRepositoryKey
instanceKlass org/gradle/api/internal/artifacts/ivyservice/resolveengine/oldresult/TransientConfigurationResultsBuilder$5
instanceKlass org/gradle/api/internal/artifacts/dsl/dependencies/PlatformSupport$ComponentCategoryDisambiguationRule$$Lambda$345
instanceKlass org/gradle/api/internal/artifacts/dsl/dependencies/PlatformSupport$ComponentCategoryDisambiguationRule$$Lambda$344
instanceKlass org/gradle/api/internal/artifacts/dsl/dependencies/PlatformSupport$PreferRegularPlatform
instanceKlass org/gradle/internal/component/model/DefaultMultipleCandidateResult
instanceKlass org/gradle/internal/component/model/AttributeSelectionUtils
instanceKlass org/gradle/api/internal/attributes/DefaultAttributesSchema$ExtraAttributesEntry
instanceKlass org/gradle/api/internal/artifacts/ivyservice/ivyresolve/VersionInfo
instanceKlass org/gradle/api/internal/artifacts/ivyservice/ivyresolve/DefaultMetadataProvider$1
instanceKlass org/gradle/api/internal/artifacts/ivyservice/ivyresolve/DefaultMetadataProvider
instanceKlass org/gradle/api/internal/artifacts/ivyservice/ivyresolve/DynamicVersionResolver$CandidateResult
instanceKlass org/gradle/api/internal/artifacts/ivyservice/ivyresolve/ModuleComponentResolveState
instanceKlass org/gradle/api/internal/artifacts/ivyservice/ivyresolve/DynamicVersionResolver$1
instanceKlass org/gradle/api/internal/artifacts/cache/DependencyResolutionControl
instanceKlass org/gradle/api/internal/artifacts/ivyservice/ivyresolve/CachingModuleComponentRepository$LocateInCacheRepositoryAccess$$Lambda$343
instanceKlass org/gradle/api/internal/artifacts/ivyservice/modulecache/dynamicversions/DefaultCachedModuleVersionList
instanceKlass org/gradle/api/internal/artifacts/ivyservice/modulecache/dynamicversions/ModuleVersionsCacheEntry
instanceKlass org/gradle/api/internal/artifacts/ivyservice/modulecache/dynamicversions/ModuleAtRepositoryKey
instanceKlass org/gradle/api/internal/artifacts/ivyservice/ivyresolve/ErrorHandlingModuleComponentRepository$ErrorHandlingModuleComponentRepositoryAccess$$Lambda$342
instanceKlass org/gradle/api/internal/artifacts/ivyservice/ivyresolve/ErrorHandlingModuleComponentRepository$ErrorHandlingModuleComponentRepositoryAccess$$Lambda$341
instanceKlass org/gradle/api/internal/artifacts/ivyservice/ivyresolve/ErrorHandlingModuleComponentRepository$ErrorHandlingModuleComponentRepositoryAccess$$Lambda$340
instanceKlass org/gradle/internal/resolve/result/BuildableModuleVersionListingResolveResult
instanceKlass org/gradle/api/internal/artifacts/ivyservice/ivyresolve/DynamicVersionResolver$VersionListResult
instanceKlass org/gradle/api/internal/artifacts/ivyservice/ivyresolve/DynamicVersionResolver$AttemptCollector
instanceKlass org/gradle/api/internal/artifacts/ivyservice/ivyresolve/DynamicVersionResolver$RepositoryResolveState
instanceKlass org/gradle/internal/resolve/result/ComponentSelectionContext
instanceKlass org/gradle/internal/component/external/model/ModuleDependencyMetadataWrapper
instanceKlass org/gradle/api/internal/tasks/execution/ExecuteActionsTaskExecuter$4$1
instanceKlass org/gradle/internal/Try$1
instanceKlass org/gradle/api/internal/tasks/execution/ExecuteActionsTaskExecuter$4$2
instanceKlass org/gradle/api/internal/tasks/execution/ExecuteActionsTaskExecuter$4
instanceKlass org/gradle/api/internal/tasks/TaskExecutionOutcome$1
instanceKlass org/gradle/api/internal/tasks/execution/ExecuteActionsTaskExecuter$3
instanceKlass org/gradle/api/internal/tasks/execution/ExecuteActionsTaskExecuter$2
instanceKlass org/gradle/internal/Try
instanceKlass org/gradle/internal/execution/steps/ResolveCachingStateStep$2
instanceKlass org/gradle/internal/execution/steps/SkipUpToDateStep$$Lambda$339
instanceKlass org/gradle/internal/execution/steps/SkipUpToDateStep$1
instanceKlass org/gradle/internal/execution/steps/SkipUpToDateStep$$Lambda$338
instanceKlass org/gradle/internal/execution/steps/ResolveChangesStep$1
instanceKlass org/gradle/internal/execution/steps/ResolveChangesStep$$Lambda$337
instanceKlass org/gradle/internal/execution/history/changes/InputChangesInternal
instanceKlass org/gradle/internal/execution/history/changes/DefaultExecutionStateChangeDetector$AbstractDetectedExecutionStateChanges
instanceKlass org/gradle/internal/execution/history/changes/CachingChangeContainer$CachingVisitor
instanceKlass org/gradle/internal/execution/history/changes/DefaultExecutionStateChangeDetector$InputFileChangesWrapper
instanceKlass org/gradle/internal/execution/history/changes/CachingChangeContainer
instanceKlass org/gradle/internal/execution/history/changes/InputFileChanges$1
instanceKlass org/gradle/internal/execution/history/changes/AbstractFingerprintChanges$1
instanceKlass org/gradle/internal/execution/history/changes/SortedMapDiffUtil
instanceKlass org/gradle/internal/execution/history/changes/PropertyChanges$1
instanceKlass org/gradle/internal/execution/history/changes/SummarizingChangeContainer$ChangeDetectingVisitor
instanceKlass org/gradle/internal/execution/history/changes/DefaultExecutionStateChangeDetector$MessageCollectingChangeVisitor
instanceKlass org/gradle/internal/execution/history/changes/ErrorHandlingChangeContainer
instanceKlass org/gradle/internal/execution/history/changes/SummarizingChangeContainer
instanceKlass org/gradle/internal/execution/history/changes/IgnoredPathCompareStrategy$1
instanceKlass org/gradle/internal/execution/history/changes/AbstractFingerprintCompareStrategy
instanceKlass org/gradle/internal/execution/history/changes/FingerprintCompareStrategy
instanceKlass org/gradle/internal/execution/history/changes/AbstractFingerprintChanges
instanceKlass org/gradle/internal/execution/history/changes/InputValueChanges
instanceKlass org/gradle/internal/execution/history/changes/PropertyDiffListener
instanceKlass org/gradle/internal/execution/history/changes/PropertyChanges
instanceKlass org/gradle/internal/execution/history/changes/ImplementationChanges
instanceKlass org/gradle/internal/execution/history/changes/DescriptiveChange
instanceKlass org/gradle/internal/execution/history/changes/Change
instanceKlass org/gradle/internal/execution/history/changes/PreviousSuccessChanges
instanceKlass org/gradle/internal/execution/history/changes/IncrementalInputProperties$2
instanceKlass org/gradle/internal/execution/history/changes/IncrementalInputProperties$1
instanceKlass org/gradle/internal/execution/steps/ResolveChangesStep$2
instanceKlass org/gradle/internal/execution/steps/ResolveChangesStep$$Lambda$336
instanceKlass org/gradle/internal/execution/steps/ResolveChangesStep$$Lambda$335
instanceKlass org/gradle/internal/execution/steps/ResolveChangesStep$$Lambda$334
instanceKlass org/gradle/internal/execution/steps/ResolveChangesStep$$Lambda$333
instanceKlass org/gradle/internal/execution/steps/ResolveCachingStateStep$1
instanceKlass org/gradle/internal/execution/steps/CaptureStateBeforeExecutionStep$1
instanceKlass org/gradle/internal/fingerprint/impl/AbsolutePathFingerprintingStrategy$1
instanceKlass com/google/common/collect/Maps$13
instanceKlass org/gradle/internal/execution/steps/CaptureStateBeforeExecutionStep$$Lambda$332
instanceKlass java/lang/invoke/LambdaForm$DMH
instanceKlass org/gradle/api/internal/tasks/execution/ExecuteActionsTaskExecuter$TaskExecution$$Lambda$331
instanceKlass org/gradle/internal/execution/steps/CaptureStateBeforeExecutionStep$$Lambda$330
instanceKlass org/gradle/internal/execution/UnitOfWork$InputFilePropertyVisitor
instanceKlass java/lang/invoke/LambdaForm$DMH
instanceKlass org/gradle/api/internal/tasks/properties/InputParameterUtils
instanceKlass org/gradle/internal/execution/steps/CaptureStateBeforeExecutionStep$$Lambda$329
instanceKlass org/gradle/internal/execution/UnitOfWork$InputPropertyVisitor
instanceKlass java/lang/invoke/LambdaForm$DMH
instanceKlass org/gradle/internal/execution/steps/CaptureStateBeforeExecutionStep$$Lambda$328
instanceKlass org/gradle/internal/execution/steps/CaptureStateBeforeExecutionStep$$Lambda$327
instanceKlass org/gradle/internal/execution/steps/CaptureStateBeforeExecutionStep$ImplementationsBuilder
instanceKlass org/gradle/api/internal/tasks/execution/ExecuteActionsTaskExecuter$1
instanceKlass org/gradle/api/internal/tasks/execution/ExecuteActionsTaskExecuter$TaskExecution
instanceKlass org/gradle/internal/execution/UnitOfWork
instanceKlass com/android/manifmerger/PlaceholderHandler
instanceKlass sun/net/DefaultProgressMeteringPolicy
instanceKlass sun/net/ProgressMeteringPolicy
instanceKlass sun/net/ProgressMonitor
instanceKlass com/sun/org/apache/xerces/internal/util/URI
instanceKlass org/gradle/internal/snapshot/FileSystemLocationSnapshot$1
instanceKlass org/gradle/internal/snapshot/impl/DirectorySnapshotter$PathVisitor$$Lambda$326
instanceKlass java/nio/file/Files$3
instanceKlass java/nio/file/FileTreeWalker$Event
instanceKlass java/nio/file/FileTreeWalker$DirectoryNode
instanceKlass java/util/ArrayDeque$DeqIterator
instanceKlass sun/nio/fs/WindowsFileKey
instanceKlass java/nio/file/attribute/BasicWithKeyFileAttributeView
instanceKlass java/nio/file/FileTreeWalker$1
instanceKlass java/nio/file/FileTreeWalker
instanceKlass org/gradle/internal/snapshot/MerkleDirectorySnapshotBuilder
instanceKlass org/gradle/internal/snapshot/impl/DirectorySnapshotter$PathVisitor
instanceKlass org/gradle/internal/execution/history/impl/AbstractExecutionState
instanceKlass org/gradle/internal/execution/history/impl/SerializableFileCollectionFingerprint
instanceKlass org/gradle/internal/fingerprint/impl/DefaultFileSystemLocationFingerprint$1
instanceKlass org/gradle/internal/fingerprint/impl/DefaultFileSystemLocationFingerprint
instanceKlass org/gradle/internal/execution/history/impl/FingerprintMapSerializer$1
instanceKlass org/gradle/internal/snapshot/impl/ImplementationSnapshot
instanceKlass org/gradle/caching/internal/origin/OriginMetadata
instanceKlass org/gradle/cache/internal/DefaultMultiProcessSafePersistentIndexedCache$3
instanceKlass org/gradle/api/internal/tasks/execution/statistics/TaskExecutionStatisticsEventAdapter$1
instanceKlass org/gradle/cache/internal/AsyncCacheAccessDecoratedCache$3
instanceKlass org/gradle/api/internal/tasks/execution/ResolveBeforeExecutionOutputsTaskExecuter$1
instanceKlass org/gradle/api/internal/OverlappingOutputs$OverlappingOutputsDetectingVisitor
instanceKlass org/gradle/internal/fingerprint/FileCollectionFingerprint$1
instanceKlass org/gradle/api/internal/OverlappingOutputs
instanceKlass org/gradle/internal/snapshot/CompositeFileSystemSnapshot
instanceKlass org/gradle/api/internal/tasks/execution/ResolveAfterPreviousExecutionStateTaskExecuter$1
instanceKlass org/gradle/api/internal/tasks/properties/DefaultTaskProperties$3
instanceKlass org/gradle/api/internal/tasks/properties/GetInputPropertiesVisitor$$Lambda$325
instanceKlass org/gradle/api/internal/tasks/properties/GetOutputFilesVisitor$1
instanceKlass org/gradle/api/internal/tasks/properties/InputPropertySpec
instanceKlass org/gradle/api/internal/tasks/properties/AbstractValidatingProperty
instanceKlass org/gradle/api/internal/tasks/properties/ValidatingProperty
instanceKlass org/gradle/api/internal/tasks/properties/LifecycleAwareValue
instanceKlass org/gradle/api/internal/tasks/properties/InputFilePropertySpec
instanceKlass org/gradle/api/internal/tasks/properties/CompositePropertyVisitor
instanceKlass org/gradle/api/internal/tasks/properties/DefaultTaskProperties
instanceKlass org/gradle/api/internal/tasks/properties/TaskProperties
instanceKlass org/gradle/api/internal/tasks/properties/AbstractPropertySpec
instanceKlass org/gradle/api/internal/tasks/properties/CacheableOutputFilePropertySpec
instanceKlass org/gradle/api/internal/tasks/properties/OutputFilePropertySpec
instanceKlass org/gradle/api/internal/tasks/properties/FilePropertySpec
instanceKlass org/gradle/api/internal/tasks/properties/PropertySpec
instanceKlass org/gradle/execution/plan/DefaultExecutionPlan$8$1$1
instanceKlass org/gradle/execution/plan/DefaultExecutionPlan$8$1
instanceKlass org/gradle/tooling/internal/provider/runner/OperationDependenciesResolver$$Lambda$324
instanceKlass org/gradle/tooling/internal/provider/runner/OperationDependenciesResolver$$Lambda$323
instanceKlass org/gradle/execution/plan/DefaultPlanExecutor$ExecutorWorker$3
instanceKlass org/gradle/internal/logging/events/StyledTextOutputEvent$Span
instanceKlass org/gradle/internal/logging/events/operations/StyledTextBuildOperationProgressDetails$Span
instanceKlass java/time/Instant$1
instanceKlass kotlin/sequences/FilteringSequence$iterator$1
instanceKlass kotlin/sequences/FilteringSequence
instanceKlass kotlin/collections/CollectionsKt___CollectionsKt$asSequence$$inlined$Sequence$1
instanceKlass com/android/tools/build/gradle/internal/profile/GradleTaskExecutionType$1
instanceKlass com/google/common/base/Ascii
instanceKlass com/google/protobuf/GeneratedMessageV3$1
instanceKlass com/google/protobuf/GeneratedMessageV3$Builder$BuilderParentImpl
instanceKlass com/google/protobuf/SingleFieldBuilderV3
instanceKlass org/gradle/api/internal/tasks/execution/ExecuteTaskBuildOperationResult
instanceKlass org/gradle/api/internal/tasks/execution/ExecuteTaskBuildOperationType$Result
instanceKlass org/gradle/api/internal/tasks/TaskExecuterResult$1
instanceKlass java/time/zone/ZoneOffsetTransition
instanceKlass java/time/zone/Ser
instanceKlass java/time/zone/ZoneRulesProvider$1
instanceKlass java/time/zone/ZoneRulesProvider
instanceKlass java/time/Clock
instanceKlass com/android/build/gradle/internal/profile/TaskProfilingRecord$Companion
instanceKlass com/android/build/gradle/internal/profile/TaskProfilingRecord
instanceKlass org/gradle/tooling/internal/provider/runner/OperationDependenciesResolver$$Lambda$322
instanceKlass org/gradle/tooling/internal/provider/runner/OperationDependenciesResolver$$Lambda$321
instanceKlass org/gradle/tooling/internal/provider/runner/OperationDependenciesResolver$$Lambda$320
instanceKlass java/util/TreeMap$TreeMapSpliterator
instanceKlass org/gradle/tooling/internal/provider/runner/ProgressEventConsumer$$Lambda$319
instanceKlass org/gradle/tooling/internal/provider/runner/ClientForwardingTaskOperationListener$$Lambda$318
instanceKlass org/gradle/tooling/internal/provider/events/DefaultTaskDescriptor
instanceKlass org/gradle/tooling/internal/protocol/events/InternalTaskWithExtraInfoDescriptor
instanceKlass org/gradle/tooling/internal/protocol/events/InternalTaskDescriptor
instanceKlass org/gradle/tooling/internal/provider/events/AbstractProgressEvent
instanceKlass org/gradle/api/internal/tasks/execution/EventFiringTaskExecuter$1
instanceKlass org/gradle/api/internal/tasks/execution/EventFiringTaskExecuter
instanceKlass org/gradle/api/internal/tasks/execution/CatchExceptionTaskExecuter
instanceKlass org/gradle/api/internal/tasks/execution/SkipOnlyIfTaskExecuter
instanceKlass org/gradle/api/internal/tasks/execution/SkipTaskWithNoActionsExecuter
instanceKlass org/gradle/api/internal/tasks/execution/ResolveTaskExecutionModeExecuter
instanceKlass org/gradle/api/internal/tasks/execution/FinalizePropertiesTaskExecuter
instanceKlass org/gradle/api/internal/tasks/execution/CleanupStaleOutputsExecuter
instanceKlass org/gradle/api/internal/tasks/execution/ResolveAfterPreviousExecutionStateTaskExecuter
instanceKlass org/gradle/api/internal/tasks/execution/ResolveBeforeExecutionOutputsTaskExecuter
instanceKlass org/gradle/api/internal/tasks/execution/SkipEmptySourceFilesTaskExecuter
instanceKlass org/gradle/api/internal/tasks/TaskValidationContext
instanceKlass org/gradle/api/internal/tasks/execution/ValidatingTaskExecuter
instanceKlass org/gradle/api/internal/tasks/TaskExecuterResult
instanceKlass org/gradle/api/internal/tasks/execution/ExecuteActionsTaskExecuter
instanceKlass org/gradle/internal/file/DefaultReservedFileSystemLocationRegistry$1
instanceKlass org/gradle/internal/file/DefaultReservedFileSystemLocationRegistry
instanceKlass org/gradle/api/internal/tasks/execution/DefaultTaskCacheabilityResolver
instanceKlass org/gradle/api/internal/tasks/execution/DefaultTaskSnapshotter
instanceKlass org/gradle/api/internal/changedetection/changes/DefaultTaskExecutionModeResolver
instanceKlass org/gradle/normalization/internal/DefaultInputNormalizationHandler
instanceKlass org/gradle/normalization/internal/DefaultRuntimeClasspathNormalization
instanceKlass org/gradle/internal/service/DefaultServiceRegistry$FactoryService$1
instanceKlass org/gradle/api/execution/TaskActionListener
instanceKlass org/gradle/api/internal/changedetection/TaskExecutionModeResolver
instanceKlass org/gradle/api/internal/tasks/execution/TaskSnapshotter
instanceKlass org/gradle/api/internal/tasks/execution/TaskCacheabilityResolver
instanceKlass org/gradle/internal/file/ReservedFileSystemLocationRegistry
instanceKlass org/gradle/api/internal/tasks/TaskExecuter
instanceKlass org/gradle/api/internal/tasks/execution/DefaultTaskExecutionContext
instanceKlass org/gradle/execution/plan/DefaultPlanExecutor$ExecutorWorker$2
instanceKlass org/gradle/internal/MutableBoolean
instanceKlass org/gradle/execution/plan/DefaultPlanExecutor$ExecutorWorker$1
instanceKlass org/gradle/execution/plan/DefaultPlanExecutor$ExecutorWorker
instanceKlass org/gradle/execution/taskgraph/DefaultTaskExecutionGraph$InvokeNodeExecutorsAction
instanceKlass org/gradle/execution/taskgraph/DefaultTaskExecutionGraph$BuildOperationAwareExecutionAction
instanceKlass org/gradle/execution/taskgraph/NotifyTaskGraphWhenReadyBuildOperationType$1
instanceKlass org/gradle/execution/taskgraph/NotifyTaskGraphWhenReadyBuildOperationType$Result
instanceKlass org/gradle/execution/taskgraph/NotifyTaskGraphWhenReadyBuildOperationType
instanceKlass org/gradle/execution/taskgraph/NotifyTaskGraphWhenReadyBuildOperationType$DetailsImpl
instanceKlass org/gradle/execution/taskgraph/NotifyTaskGraphWhenReadyBuildOperationType$Details
instanceKlass org/gradle/execution/taskgraph/DefaultTaskExecutionGraph$NotifyTaskGraphWhenReady
instanceKlass org/gradle/execution/taskgraph/DefaultTaskExecutionGraph$1
instanceKlass org/gradle/execution/ProjectExecutionServiceRegistry
instanceKlass org/gradle/execution/SelectedTaskExecutionAction$BindAllReferencesOfProjectsToExecuteListener
instanceKlass org/gradle/execution/DefaultBuildWorkExecutor$1
instanceKlass org/gradle/execution/BuildOperationFiringBuildWorkerExecutor$ExecuteTasks
instanceKlass org/gradle/initialization/BuildOperatingFiringTaskExecutionPreparer$CalculateTaskGraph$1
instanceKlass org/gradle/internal/taskgraph/CalculateTaskGraphBuildOperationType$Result
instanceKlass org/gradle/execution/plan/DefaultExecutionPlan$MutationInfo
instanceKlass java/util/TreeMap$NavigableSubMap$SubMapIterator
instanceKlass java/util/Collections$ReverseComparator
instanceKlass org/gradle/execution/plan/DefaultExecutionPlan$3
instanceKlass org/gradle/execution/plan/DefaultExecutionPlan$NodeInVisitingSegment
instanceKlass org/gradle/execution/plan/DefaultExecutionPlan$2
instanceKlass org/gradle/execution/taskgraph/DefaultTaskExecutionGraph$6
instanceKlass com/android/build/gradle/tasks/MergeSourceSetFolders$MergeShaderSourceFoldersCreationAction$configure$2
instanceKlass com/android/build/gradle/tasks/MergeSourceSetFolders$MergeShaderSourceFoldersCreationAction$configure$1
instanceKlass com/android/build/gradle/tasks/MergeSourceSetFolders$MergeShaderSourceFoldersCreationAction$configure$assetDirFunction$1
instanceKlass com/google/common/collect/AbstractMapBasedMultimap$KeySet$1
instanceKlass com/android/builder/internal/compiler/ShaderProcessor
instanceKlass com/android/builder/internal/compiler/DirectoryWalker$FileAction
instanceKlass com/android/build/gradle/internal/tasks/DexArchiveBuilderTaskKt
instanceKlass org/gradle/api/tasks/AbstractCopyTask$1$8
instanceKlass org/gradle/api/tasks/AbstractCopyTask$1$7
instanceKlass org/gradle/api/tasks/AbstractCopyTask$1$6
instanceKlass org/gradle/api/tasks/AbstractCopyTask$1$5
instanceKlass org/gradle/api/tasks/AbstractCopyTask$1$4
instanceKlass org/gradle/api/tasks/AbstractCopyTask$1$3
instanceKlass org/gradle/api/tasks/AbstractCopyTask$1$2
instanceKlass org/gradle/api/tasks/AbstractCopyTask$1$1
instanceKlass org/gradle/api/internal/file/copy/DefaultCopySpec$2
instanceKlass org/gradle/api/internal/file/copy/DefaultCopySpec$DefaultCopySpecAddress
instanceKlass org/gradle/api/internal/file/copy/DefaultCopySpec$1
instanceKlass org/gradle/api/internal/file/copy/DefaultCopySpec$DefaultCopySpecResolver
instanceKlass org/gradle/api/tasks/AbstractCopyTask$2
instanceKlass org/gradle/api/tasks/AbstractCopyTask$1
instanceKlass org/gradle/api/internal/file/copy/PathNotationConverter
instanceKlass org/gradle/api/internal/file/copy/CopySpecResolver
instanceKlass org/gradle/api/internal/file/copy/CopySpecInternal$CopySpecAddress
instanceKlass org/gradle/api/internal/file/copy/CopySpecInternal$CopySpecVisitor
instanceKlass org/gradle/api/internal/file/copy/DefaultCopySpec
instanceKlass org/gradle/api/internal/file/copy/CopyActionExecuter
instanceKlass org/gradle/api/internal/file/copy/DelegatingCopySpecInternal
instanceKlass org/gradle/api/internal/file/copy/CopySpecInternal$CopySpecListener
instanceKlass com/android/build/gradle/tasks/MergeSourceSetFolders$MergeJniLibFoldersCreationAction$configure$2
instanceKlass com/android/build/gradle/tasks/MergeSourceSetFolders$MergeJniLibFoldersCreationAction$configure$1
instanceKlass com/android/build/gradle/tasks/MergeSourceSetFolders$MergeJniLibFoldersCreationAction$configure$assetDirFunction$1
instanceKlass com/android/build/gradle/internal/tasks/MergeNativeLibsTaskKt$sam$org_gradle_api_specs_Spec$0
instanceKlass com/android/build/gradle/internal/tasks/MergeNativeLibsTaskKt
instanceKlass com/android/build/gradle/internal/tasks/MergeNativeLibsTask$Companion$predicate$1
instanceKlass com/android/build/gradle/internal/tasks/MergeNativeLibsTask$Companion
instanceKlass com/android/build/gradle/internal/tasks/DexMergingTask$CreationAction$getDexFiles$1$external$1
instanceKlass kotlin/jvm/internal/CollectionToArray
instanceKlass com/android/build/gradle/internal/tasks/MergeJavaResourceTaskKt$sam$org_gradle_api_specs_Spec$0
instanceKlass com/android/build/gradle/internal/tasks/MergeJavaResourceTaskKt$getProjectJavaRes$1
instanceKlass com/android/build/gradle/internal/tasks/MergeJavaResourceTaskKt
instanceKlass com/android/build/gradle/internal/tasks/MergeJavaResourceTask$Companion$predicate$1
instanceKlass com/android/build/gradle/internal/tasks/MergeJavaResourceTask$Companion
instanceKlass com/android/build/gradle/internal/packaging/SerializablePackagingOptions
instanceKlass org/gradle/api/internal/tasks/DefaultTaskOutputs$2
instanceKlass com/android/build/gradle/internal/tasks/ValidateSigningTask$CreationAction$configure$1
instanceKlass com/android/build/gradle/tasks/MergeSourceSetFolders$MergeAssetBaseCreationAction$configure$2
instanceKlass com/android/build/gradle/tasks/MergeSourceSetFolders$MergeAssetBaseCreationAction$configure$1
instanceKlass com/android/build/gradle/tasks/MergeSourceSetFolders$MergeAssetBaseCreationAction$configure$assetDirFunction$1
instanceKlass com/google/common/annotations/VisibleForTesting
instanceKlass com/android/build/gradle/internal/signing/SigningConfigProviderParams
instanceKlass com/android/build/gradle/tasks/GenerateResValues$CreationAction$configure$1
instanceKlass java/util/stream/Collectors$$Lambda$317
instanceKlass java/util/stream/Collectors$$Lambda$316
instanceKlass com/android/build/gradle/internal/scope/ApkData$$Lambda$315
instanceKlass com/android/build/gradle/internal/scope/ApkData$$Lambda$314
instanceKlass com/android/build/gradle/internal/scope/GradleAwareFilterData
instanceKlass com/android/build/gradle/tasks/CompatibleScreensManifest$CreationAction$configure$1
instanceKlass com/android/build/gradle/internal/api/DefaultAndroidSourceDirectorySet$getBuildableArtifact$1
instanceKlass com/android/build/gradle/internal/variant/BaseVariantData$$Lambda$313
instanceKlass com/android/build/gradle/internal/variant/BaseVariantData$$Lambda$312
instanceKlass com/android/build/gradle/internal/variant/BaseVariantData$$Lambda$311
instanceKlass com/android/build/gradle/internal/variant/BaseVariantData$$Lambda$310
instanceKlass com/android/build/gradle/tasks/MergeResources$CreationAction$$Lambda$309
instanceKlass com/android/ide/common/resources/FileValidity
instanceKlass com/android/build/gradle/internal/DependencyResourcesComputer
instanceKlass com/android/ide/common/resources/MergeWriter
instanceKlass com/android/ide/common/resources/DataMerger
instanceKlass com/android/build/gradle/internal/scope/SplitList$SplitAction
instanceKlass com/android/build/gradle/internal/core/VariantConfiguration$$Lambda$308
instanceKlass com/android/build/gradle/internal/core/VariantConfiguration$$Lambda$307
instanceKlass com/android/build/gradle/internal/core/VariantConfiguration$$Lambda$306
instanceKlass com/android/build/gradle/internal/core/VariantConfiguration$$Lambda$305
instanceKlass org/gradle/api/internal/artifacts/ivyservice/resolveengine/artifact/BuildDependenciesOnlyVisitedArtifactSet$BuildDependenciesOnlySelectedArtifactSet
instanceKlass org/gradle/api/internal/artifacts/ivyservice/resolveengine/artifact/LocalFileDependencyBackedArtifactSet
instanceKlass org/gradle/api/internal/artifacts/ivyservice/resolveengine/artifact/FileDependencyArtifactSet
instanceKlass org/gradle/api/internal/artifacts/ivyservice/moduleconverter/dependencies/DefaultLocalConfigurationMetadataBuilder$DefaultLocalFileDependencyMetadata
instanceKlass com/android/build/gradle/tasks/ExtractDeepLinksTask$CreationAction$configure$1$1
instanceKlass com/android/build/gradle/tasks/ExtractDeepLinksTask$CreationAction$configure$1
instanceKlass com/android/ide/common/resources/NoOpResourcePreprocessor
instanceKlass com/android/ide/common/resources/PatternBasedFileFilter
instanceKlass com/android/ide/common/resources/DataSet$$Lambda$304
instanceKlass com/android/ide/common/rendering/api/ResourceNamespace
instanceKlass com/android/ide/common/resources/DataFile
instanceKlass org/gradle/api/internal/file/collections/ListBackedFileSet
instanceKlass org/gradle/api/internal/file/collections/DefaultFileCollectionResolveContext$FileTreeConverter
instanceKlass org/gradle/api/internal/file/collections/DefaultFileCollectionResolveContext$FileCollectionConverter
instanceKlass org/gradle/api/internal/file/collections/DefaultFileCollectionResolveContext$Converter
instanceKlass org/gradle/api/internal/file/collections/DefaultFileCollectionResolveContext
instanceKlass com/android/build/gradle/tasks/ProcessApplicationManifest$CreationAction$$Lambda$303
instanceKlass com/android/build/gradle/tasks/ProcessApplicationManifest$CreationAction$$Lambda$302
instanceKlass org/gradle/api/internal/provider/MapCollectors$EntriesFromMapProvider
instanceKlass com/android/build/gradle/tasks/ProcessApplicationManifest$CreationAction$$Lambda$301
instanceKlass com/android/build/gradle/tasks/ProcessApplicationManifest$CreationAction$$Lambda$300
instanceKlass com/android/build/gradle/tasks/ProcessApplicationManifest$CreationAction$$Lambda$299
instanceKlass com/android/build/gradle/tasks/ProcessApplicationManifest$CreationAction$$Lambda$298
instanceKlass com/android/build/gradle/tasks/ProcessApplicationManifest$CreationAction$$Lambda$297
instanceKlass com/android/build/gradle/tasks/ProcessApplicationManifest$CreationAction$$Lambda$296
instanceKlass org/gradle/api/internal/provider/ValidatingMapEntryCollector
instanceKlass org/gradle/api/internal/provider/MapCollectors$NoValue
instanceKlass org/gradle/api/internal/provider/MapCollectors$EmptyMap
instanceKlass org/gradle/api/internal/provider/MapEntryCollector
instanceKlass org/gradle/api/internal/provider/MapCollector
instanceKlass org/gradle/api/internal/provider/MapProviderInternal
instanceKlass com/android/manifmerger/MergingReport
instanceKlass com/android/build/gradle/internal/res/LinkApplicationAndroidResourcesTask$BaseCreationAction$configure$2
instanceKlass com/android/build/gradle/internal/res/LinkApplicationAndroidResourcesTask$BaseCreationAction$configure$1
instanceKlass com/android/build/gradle/internal/res/LinkingTaskInputAaptOptions
instanceKlass com/android/build/gradle/internal/scope/SplitList
instanceKlass com/android/build/gradle/internal/tasks/ModuleMetadataWriterTask$CreationAction$configure$1
instanceKlass com/android/build/gradle/internal/tasks/featuresplit/FeatureSetMetadata$SupplierProviderImpl
instanceKlass com/android/build/gradle/internal/tasks/featuresplit/FeatureSetMetadata$SupplierProvider
instanceKlass com/android/build/gradle/internal/tasks/featuresplit/FeatureSetMetadata
instanceKlass org/gradle/api/internal/artifacts/dsl/ArtifactFile
instanceKlass org/gradle/process/internal/health/memory/JvmMemoryStatusSnapshot
instanceKlass org/gradle/internal/component/local/model/PublishArtifactLocalArtifactMetadata
instanceKlass org/gradle/api/internal/artifacts/ivyservice/moduleconverter/DefaultRootComponentMetadataBuilder$1
instanceKlass org/gradle/api/internal/artifacts/ivyservice/ivyresolve/NoRepositoriesResolver
instanceKlass org/gradle/api/internal/artifacts/ivyservice/InMemoryResolutionResultBuilder
instanceKlass com/android/build/gradle/tasks/GenerateBuildConfig$CreationAction$configure$8
instanceKlass com/android/build/gradle/tasks/GenerateBuildConfig$CreationAction$configure$7
instanceKlass com/android/build/gradle/tasks/GenerateBuildConfig$CreationAction$configure$6
instanceKlass com/android/build/gradle/tasks/GenerateBuildConfig$CreationAction$configure$5
instanceKlass com/android/build/gradle/tasks/GenerateBuildConfig$CreationAction$configure$4
instanceKlass com/android/build/gradle/tasks/GenerateBuildConfig$CreationAction$configure$3
instanceKlass com/android/build/gradle/tasks/GenerateBuildConfig$CreationAction$configure$2
instanceKlass com/android/build/gradle/tasks/GenerateBuildConfig$CreationAction$configure$1
instanceKlass com/android/build/gradle/tasks/AidlCompile$CreationAction$$Lambda$295
instanceKlass org/gradle/api/internal/provider/Collectors$ElementsFromCollectionProvider
instanceKlass com/android/build/gradle/internal/tasks/TaskInputHelper$$Lambda$294
instanceKlass com/android/build/gradle/tasks/AidlCompile$CreationAction$$Lambda$293
instanceKlass com/android/utils/FileUtils$$Lambda$292
instanceKlass com/android/build/gradle/tasks/RenderscriptCompile$CreationAction$configure$2
instanceKlass com/android/build/gradle/tasks/RenderscriptCompile$CreationAction$configure$1
instanceKlass com/google/common/collect/CollectCollectors$$Lambda$291
instanceKlass com/google/common/collect/CollectCollectors$$Lambda$290
instanceKlass com/google/common/collect/CollectCollectors$$Lambda$289
instanceKlass com/google/common/collect/RangeGwtSerializationDependencies
instanceKlass com/google/common/collect/CollectCollectors$$Lambda$288
instanceKlass com/google/common/collect/SortedIterable
instanceKlass com/google/common/collect/ImmutableRangeSet$Builder
instanceKlass com/google/common/collect/AbstractRangeSet
instanceKlass com/google/common/collect/RangeSet
instanceKlass com/google/common/collect/CollectCollectors$$Lambda$287
instanceKlass com/google/common/collect/CollectCollectors$$Lambda$286
